This is pdfTeX, Version 3.14159265-2.6-1.40.20 (TeX Live 2019) (preloaded format=pdflatex 2020.3.30)  1 APR 2020 16:08
entering extended mode
 restricted \write18 enabled.
 %&-line parsing enabled.
**econw.tex
(./econw.tex
LaTeX2e <2020-02-02> patch level 5
L3 programming layer <2020-02-25> (/Users/salmahuque/Library/TinyTeX/texmf-dist
/tex/latex/base/article.cls
Document Class: article 2019/12/20 v1.4l Standard LaTeX document class
(/Users/salmahuque/Library/TinyTeX/texmf-dist/tex/latex/base/size10.clo
File: size10.clo 2019/12/20 v1.4l Standard LaTeX file (size option)
)
\c@part=\count167
\c@section=\count168
\c@subsection=\count169
\c@subsubsection=\count170
\c@paragraph=\count171
\c@subparagraph=\count172
\c@figure=\count173
\c@table=\count174
\abovecaptionskip=\skip47
\belowcaptionskip=\skip48
\bibindent=\dimen134
) (/Users/salmahuque/Library/TinyTeX/texmf-dist/tex/latex/lm/lmodern.sty
Package: lmodern 2009/10/30 v1.6 Latin Modern Fonts
LaTeX Font Info:    Overwriting symbol font `operators' in version `normal'
(Font)                  OT1/cmr/m/n --> OT1/lmr/m/n on input line 22.
LaTeX Font Info:    Overwriting symbol font `letters' in version `normal'
(Font)                  OML/cmm/m/it --> OML/lmm/m/it on input line 23.
LaTeX Font Info:    Overwriting symbol font `symbols' in version `normal'
(Font)                  OMS/cmsy/m/n --> OMS/lmsy/m/n on input line 24.
LaTeX Font Info:    Overwriting symbol font `largesymbols' in version `normal'
(Font)                  OMX/cmex/m/n --> OMX/lmex/m/n on input line 25.
LaTeX Font Info:    Overwriting symbol font `operators' in version `bold'
(Font)                  OT1/cmr/bx/n --> OT1/lmr/bx/n on input line 26.
LaTeX Font Info:    Overwriting symbol font `letters' in version `bold'
(Font)                  OML/cmm/b/it --> OML/lmm/b/it on input line 27.
LaTeX Font Info:    Overwriting symbol font `symbols' in version `bold'
(Font)                  OMS/cmsy/b/n --> OMS/lmsy/b/n on input line 28.
LaTeX Font Info:    Overwriting symbol font `largesymbols' in version `bold'
(Font)                  OMX/cmex/m/n --> OMX/lmex/m/n on input line 29.
LaTeX Font Info:    Overwriting math alphabet `\mathbf' in version `normal'
(Font)                  OT1/cmr/bx/n --> OT1/lmr/bx/n on input line 31.
LaTeX Font Info:    Overwriting math alphabet `\mathsf' in version `normal'
(Font)                  OT1/cmss/m/n --> OT1/lmss/m/n on input line 32.
LaTeX Font Info:    Overwriting math alphabet `\mathit' in version `normal'
(Font)                  OT1/cmr/m/it --> OT1/lmr/m/it on input line 33.
LaTeX Font Info:    Overwriting math alphabet `\mathtt' in version `normal'
(Font)                  OT1/cmtt/m/n --> OT1/lmtt/m/n on input line 34.
LaTeX Font Info:    Overwriting math alphabet `\mathbf' in version `bold'
(Font)                  OT1/cmr/bx/n --> OT1/lmr/bx/n on input line 35.
LaTeX Font Info:    Overwriting math alphabet `\mathsf' in version `bold'
(Font)                  OT1/cmss/bx/n --> OT1/lmss/bx/n on input line 36.
LaTeX Font Info:    Overwriting math alphabet `\mathit' in version `bold'
(Font)                  OT1/cmr/bx/it --> OT1/lmr/bx/it on input line 37.
LaTeX Font Info:    Overwriting math alphabet `\mathtt' in version `bold'
(Font)                  OT1/cmtt/m/n --> OT1/lmtt/m/n on input line 38.
) (/Users/salmahuque/Library/TinyTeX/texmf-dist/tex/latex/amsfonts/amssymb.sty
Package: amssymb 2013/01/14 v3.01 AMS font symbols
(/Users/salmahuque/Library/TinyTeX/texmf-dist/tex/latex/amsfonts/amsfonts.sty
Package: amsfonts 2013/01/14 v3.01 Basic AMSFonts support
\@emptytoks=\toks15
\symAMSa=\mathgroup4
\symAMSb=\mathgroup5
LaTeX Font Info:    Redeclaring math symbol \hbar on input line 98.
LaTeX Font Info:    Overwriting math alphabet `\mathfrak' in version `bold'
(Font)                  U/euf/m/n --> U/euf/b/n on input line 106.
)) (/Users/salmahuque/Library/TinyTeX/texmf-dist/tex/latex/amsmath/amsmath.sty
Package: amsmath 2020/01/20 v2.17e AMS math features
\@mathmargin=\skip49
For additional information on amsmath, use the `?' option.
(/Users/salmahuque/Library/TinyTeX/texmf-dist/tex/latex/amsmath/amstext.sty
Package: amstext 2000/06/29 v2.01 AMS text
(/Users/salmahuque/Library/TinyTeX/texmf-dist/tex/latex/amsmath/amsgen.sty
File: amsgen.sty 1999/11/30 v2.0 generic functions
\@emptytoks=\toks16
\ex@=\dimen135
)) (/Users/salmahuque/Library/TinyTeX/texmf-dist/tex/latex/amsmath/amsbsy.sty
Package: amsbsy 1999/11/29 v1.2d Bold Symbols
\pmbraise@=\dimen136
) (/Users/salmahuque/Library/TinyTeX/texmf-dist/tex/latex/amsmath/amsopn.sty
Package: amsopn 2016/03/08 v2.02 operator names
)
\inf@bad=\count175
LaTeX Info: Redefining \frac on input line 227.
\uproot@=\count176
\leftroot@=\count177
LaTeX Info: Redefining \overline on input line 389.
\classnum@=\count178
\DOTSCASE@=\count179
LaTeX Info: Redefining \ldots on input line 486.
LaTeX Info: Redefining \dots on input line 489.
LaTeX Info: Redefining \cdots on input line 610.
\Mathstrutbox@=\box45
\strutbox@=\box46
\big@size=\dimen137
LaTeX Font Info:    Redeclaring font encoding OML on input line 733.
LaTeX Font Info:    Redeclaring font encoding OMS on input line 734.
\macc@depth=\count180
\c@MaxMatrixCols=\count181
\dotsspace@=\muskip16
\c@parentequation=\count182
\dspbrk@lvl=\count183
\tag@help=\toks17
\row@=\count184
\column@=\count185
\maxfields@=\count186
\andhelp@=\toks18
\eqnshift@=\dimen138
\alignsep@=\dimen139
\tagshift@=\dimen140
\tagwidth@=\dimen141
\totwidth@=\dimen142
\lineht@=\dimen143
\@envbody=\toks19
\multlinegap=\skip50
\multlinetaggap=\skip51
\mathdisplay@stack=\toks20
LaTeX Info: Redefining \[ on input line 2859.
LaTeX Info: Redefining \] on input line 2860.
) (/Users/salmahuque/Library/TinyTeX/texmf-dist/tex/generic/iftex/ifxetex.sty
Package: ifxetex 2019/10/25 v0.7 ifxetex legacy package. Use iftex instead.
(/Users/salmahuque/Library/TinyTeX/texmf-dist/tex/generic/iftex/iftex.sty
Package: iftex 2019/11/07 v1.0c TeX engine tests
)) (/Users/salmahuque/Library/TinyTeX/texmf-dist/tex/generic/iftex/ifluatex.sty
Package: ifluatex 2019/10/25 v1.5 ifluatex legacy package. Use iftex instead.
) (/Users/salmahuque/Library/TinyTeX/texmf-dist/tex/latex/base/fixltx2e.sty
Package: fixltx2e 2016/12/29 v2.1a fixes to LaTeX (obsolete)
Applying: [2015/01/01] Old fixltx2e package on input line 46.

Package fixltx2e Warning: fixltx2e is not required with releases after 2015
(fixltx2e)                All fixes are now in the LaTeX kernel.
(fixltx2e)                See the latexrelease package for details.

Already applied: [0000/00/00] Old fixltx2e package on input line 53.
) (/Users/salmahuque/Library/TinyTeX/texmf-dist/tex/latex/base/fontenc.sty
Package: fontenc 2020/02/11 v2.0o Standard LaTeX package
LaTeX Font Info:    Trying to load font information for T1+lmr on input line 11
2.
(/Users/salmahuque/Library/TinyTeX/texmf-dist/tex/latex/lm/t1lmr.fd
File: t1lmr.fd 2009/10/30 v1.6 Font defs for Latin Modern
)) (/Users/salmahuque/Library/TinyTeX/texmf-dist/tex/latex/base/inputenc.sty
Package: inputenc 2018/08/11 v1.3c Input encoding file
\inpenc@prehook=\toks21
\inpenc@posthook=\toks22
) (/Users/salmahuque/Library/TinyTeX/texmf-dist/tex/latex/base/textcomp.sty
Package: textcomp 2020/02/02 v2.0n Standard LaTeX package
) (/Users/salmahuque/Library/TinyTeX/texmf-dist/tex/latex/upquote/upquote.sty
Package: upquote 2012/04/19 v1.3 upright-quote and grave-accent glyphs in verba
tim
) (/Users/salmahuque/Library/TinyTeX/texmf-dist/tex/latex/hyperref/hyperref.sty
Package: hyperref 2020/01/14 v7.00d Hypertext links for LaTeX
(/Users/salmahuque/Library/TinyTeX/texmf-dist/tex/generic/ltxcmds/ltxcmds.sty
Package: ltxcmds 2019/12/15 v1.24 LaTeX kernel commands for general use (HO)
)
(/Users/salmahuque/Library/TinyTeX/texmf-dist/tex/latex/pdftexcmds/pdftexcmds.s
ty
Package: pdftexcmds 2019/11/24 v0.31 Utility functions of pdfTeX for LuaTeX (HO
)

(/Users/salmahuque/Library/TinyTeX/texmf-dist/tex/generic/infwarerr/infwarerr.s
ty
Package: infwarerr 2019/12/03 v1.5 Providing info/warning/error messages (HO)
)
Package pdftexcmds Info: \pdf@primitive is available.
Package pdftexcmds Info: \pdf@ifprimitive is available.
Package pdftexcmds Info: \pdfdraftmode found.
) (/Users/salmahuque/Library/TinyTeX/texmf-dist/tex/latex/graphics/keyval.sty
Package: keyval 2014/10/28 v1.15 key=value parser (DPC)
\KV@toks@=\toks23
)
(/Users/salmahuque/Library/TinyTeX/texmf-dist/tex/generic/kvsetkeys/kvsetkeys.s
ty
Package: kvsetkeys 2019/12/15 v1.18 Key value parser (HO)
)
(/Users/salmahuque/Library/TinyTeX/texmf-dist/tex/generic/kvdefinekeys/kvdefine
keys.sty
Package: kvdefinekeys 2019-12-19 v1.6 Define keys (HO)
)
(/Users/salmahuque/Library/TinyTeX/texmf-dist/tex/generic/pdfescape/pdfescape.s
ty
Package: pdfescape 2019/12/09 v1.15 Implements pdfTeX's escape features (HO)
) (/Users/salmahuque/Library/TinyTeX/texmf-dist/tex/latex/hycolor/hycolor.sty
Package: hycolor 2020-01-27 v1.10 Color options for hyperref/bookmark (HO)
)
(/Users/salmahuque/Library/TinyTeX/texmf-dist/tex/latex/letltxmacro/letltxmacro
.sty
Package: letltxmacro 2019/12/03 v1.6 Let assignment for LaTeX macros (HO)
) (/Users/salmahuque/Library/TinyTeX/texmf-dist/tex/latex/auxhook/auxhook.sty
Package: auxhook 2019-12-17 v1.6 Hooks for auxiliary files (HO)
)
(/Users/salmahuque/Library/TinyTeX/texmf-dist/tex/latex/kvoptions/kvoptions.sty
Package: kvoptions 2019/11/29 v3.13 Key value format for package options (HO)
)
\@linkdim=\dimen144
\Hy@linkcounter=\count187
\Hy@pagecounter=\count188
(/Users/salmahuque/Library/TinyTeX/texmf-dist/tex/latex/hyperref/pd1enc.def
File: pd1enc.def 2020/01/14 v7.00d Hyperref: PDFDocEncoding definition (HO)
Now handling font encoding PD1 ...
... no UTF-8 mapping file for font encoding PD1
) (/Users/salmahuque/Library/TinyTeX/texmf-dist/tex/generic/intcalc/intcalc.sty
Package: intcalc 2019/12/15 v1.3 Expandable calculations with integers (HO)
)
(/Users/salmahuque/Library/TinyTeX/texmf-dist/tex/generic/etexcmds/etexcmds.sty
Package: etexcmds 2019/12/15 v1.7 Avoid name clashes with e-TeX commands (HO)
)
\Hy@SavedSpaceFactor=\count189
\pdfmajorversion=\count190
Package hyperref Info: Option `unicode' set `true' on input line 4421.
(/Users/salmahuque/Library/TinyTeX/texmf-dist/tex/latex/hyperref/puenc.def
File: puenc.def 2020/01/14 v7.00d Hyperref: PDF Unicode definition (HO)
Now handling font encoding PU ...
... no UTF-8 mapping file for font encoding PU
)
Package hyperref Info: Hyper figures OFF on input line 4547.
Package hyperref Info: Link nesting OFF on input line 4552.
Package hyperref Info: Hyper index ON on input line 4555.
Package hyperref Info: Plain pages OFF on input line 4562.
Package hyperref Info: Backreferencing OFF on input line 4567.
Package hyperref Info: Implicit mode ON; LaTeX internals redefined.
Package hyperref Info: Bookmarks ON on input line 4800.
\c@Hy@tempcnt=\count191
(/Users/salmahuque/Library/TinyTeX/texmf-dist/tex/latex/url/url.sty
\Urlmuskip=\muskip17
Package: url 2013/09/16  ver 3.4  Verb mode for urls, etc.
)
LaTeX Info: Redefining \url on input line 5159.
\XeTeXLinkMargin=\dimen145
(/Users/salmahuque/Library/TinyTeX/texmf-dist/tex/generic/bitset/bitset.sty
Package: bitset 2019/12/09 v1.3 Handle bit-vector datatype (HO)

(/Users/salmahuque/Library/TinyTeX/texmf-dist/tex/generic/bigintcalc/bigintcalc
.sty
Package: bigintcalc 2019/12/15 v1.5 Expandable calculations on big integers (HO
)
))
\Fld@menulength=\count192
\Field@Width=\dimen146
\Fld@charsize=\dimen147
Package hyperref Info: Hyper figures OFF on input line 6430.
Package hyperref Info: Link nesting OFF on input line 6435.
Package hyperref Info: Hyper index ON on input line 6438.
Package hyperref Info: backreferencing OFF on input line 6445.
Package hyperref Info: Link coloring OFF on input line 6450.
Package hyperref Info: Link coloring with OCG OFF on input line 6455.
Package hyperref Info: PDF/A mode OFF on input line 6460.
LaTeX Info: Redefining \ref on input line 6500.
LaTeX Info: Redefining \pageref on input line 6504.

(/Users/salmahuque/Library/TinyTeX/texmf-dist/tex/generic/atbegshi/atbegshi.sty
Package: atbegshi 2019/12/05 v1.19 At begin shipout hook (HO)
)
\Hy@abspage=\count193
\c@Item=\count194
\c@Hfootnote=\count195
)
Package hyperref Info: Driver (autodetected): hpdftex.
(/Users/salmahuque/Library/TinyTeX/texmf-dist/tex/latex/hyperref/hpdftex.def
File: hpdftex.def 2020/01/14 v7.00d Hyperref driver for pdfTeX

(/Users/salmahuque/Library/TinyTeX/texmf-dist/tex/latex/atveryend/atveryend.sty
Package: atveryend 2019-12-11 v1.11 Hooks at the very end of document (HO)
Package atveryend Info: \enddocument detected (standard20110627).
)
\Fld@listcount=\count196
\c@bookmark@seq@number=\count197

(/Users/salmahuque/Library/TinyTeX/texmf-dist/tex/latex/rerunfilecheck/rerunfil
echeck.sty
Package: rerunfilecheck 2019/12/05 v1.9 Rerun checks for auxiliary files (HO)

(/Users/salmahuque/Library/TinyTeX/texmf-dist/tex/generic/uniquecounter/uniquec
ounter.sty
Package: uniquecounter 2019/12/15 v1.4 Provide unlimited unique counter (HO)
)
Package uniquecounter Info: New unique counter `rerunfilecheck' on input line 2
86.
)
\Hy@SectionHShift=\skip52
)
Package hyperref Info: Option `breaklinks' set `true' on input line 34.
(/Users/salmahuque/Library/TinyTeX/texmf-dist/tex/latex/geometry/geometry.sty
Package: geometry 2020/01/02 v5.9 Page Geometry
(/Users/salmahuque/Library/TinyTeX/texmf-dist/tex/generic/iftex/ifvtex.sty
Package: ifvtex 2019/10/25 v1.7 ifvtex legacy package. Use iftex instead.
)
\Gm@cnth=\count198
\Gm@cntv=\count199
\c@Gm@tempcnt=\count266
\Gm@bindingoffset=\dimen148
\Gm@wd@mp=\dimen149
\Gm@odd@mp=\dimen150
\Gm@even@mp=\dimen151
\Gm@layoutwidth=\dimen152
\Gm@layoutheight=\dimen153
\Gm@layouthoffset=\dimen154
\Gm@layoutvoffset=\dimen155
\Gm@dimlist=\toks24
) (/Users/salmahuque/Library/TinyTeX/texmf-dist/tex/latex/graphics/color.sty
Package: color 2019/11/23 v1.2a Standard LaTeX Color (DPC)
(/Users/salmahuque/Library/TinyTeX/texmf-dist/tex/latex/graphics-cfg/color.cfg
File: color.cfg 2016/01/02 v1.6 sample color configuration
)
Package color Info: Driver file: pdftex.def on input line 147.

(/Users/salmahuque/Library/TinyTeX/texmf-dist/tex/latex/graphics-def/pdftex.def
File: pdftex.def 2018/01/08 v1.0l Graphics/color driver for pdftex
)) (/Users/salmahuque/Library/TinyTeX/texmf-dist/tex/latex/fancyvrb/fancyvrb.st
y
Package: fancyvrb 2020/01/13 v3.5 verbatim text (tvz,hv)
\FV@CodeLineNo=\count267
\FV@InFile=\read2
\FV@TabBox=\box47
\c@FancyVerbLine=\count268
\FV@StepNumber=\count269
\FV@OutFile=\write3
) (/Users/salmahuque/Library/TinyTeX/texmf-dist/tex/latex/framed/framed.sty
Package: framed 2011/10/22 v 0.96: framed or shaded text with page breaks
\OuterFrameSep=\skip53
\fb@frw=\dimen156
\fb@frh=\dimen157
\FrameRule=\dimen158
\FrameSep=\dimen159
) (/Users/salmahuque/Library/TinyTeX/texmf-dist/tex/latex/graphics/graphicx.sty
Package: graphicx 2019/11/30 v1.2a Enhanced LaTeX Graphics (DPC,SPQR)
(/Users/salmahuque/Library/TinyTeX/texmf-dist/tex/latex/graphics/graphics.sty
Package: graphics 2019/11/30 v1.4a Standard LaTeX Graphics (DPC,SPQR)
(/Users/salmahuque/Library/TinyTeX/texmf-dist/tex/latex/graphics/trig.sty
Package: trig 2016/01/03 v1.10 sin cos tan (DPC)
)
(/Users/salmahuque/Library/TinyTeX/texmf-dist/tex/latex/graphics-cfg/graphics.c
fg
File: graphics.cfg 2016/06/04 v1.11 sample graphics configuration
)
Package graphics Info: Driver file: pdftex.def on input line 105.
)
\Gin@req@height=\dimen160
\Gin@req@width=\dimen161
) (/Users/salmahuque/Library/TinyTeX/texmf-dist/tex/latex/grffile/grffile.sty
Package: grffile 2019/11/11 v2.1 Extended file name support for graphics (legac
y)
Package grffile Info: This package is an empty stub for compatibility on input 
line 40.
) (/Users/salmahuque/Library/TinyTeX/texmf-dist/tex/latex/booktabs/booktabs.sty
Package: booktabs 2020/01/12 v1.61803398 Publication quality tables
\heavyrulewidth=\dimen162
\lightrulewidth=\dimen163
\cmidrulewidth=\dimen164
\belowrulesep=\dimen165
\belowbottomsep=\dimen166
\aboverulesep=\dimen167
\abovetopsep=\dimen168
\cmidrulesep=\dimen169
\cmidrulekern=\dimen170
\defaultaddspace=\dimen171
\@cmidla=\count270
\@cmidlb=\count271
\@aboverulesep=\dimen172
\@belowrulesep=\dimen173
\@thisruleclass=\count272
\@lastruleclass=\count273
\@thisrulewidth=\dimen174
) (/Users/salmahuque/Library/TinyTeX/texmf-dist/tex/latex/tools/longtable.sty
Package: longtable 2020/01/07 v4.13 Multi-page Table package (DPC)
\LTleft=\skip54
\LTright=\skip55
\LTpre=\skip56
\LTpost=\skip57
\LTchunksize=\count274
\LTcapwidth=\dimen175
\LT@head=\box48
\LT@firsthead=\box49
\LT@foot=\box50
\LT@lastfoot=\box51
\LT@cols=\count275
\LT@rows=\count276
\c@LT@tables=\count277
\c@LT@chunks=\count278
\LT@p@ftn=\toks25
) (/Users/salmahuque/Library/TinyTeX/texmf-dist/tex/latex/tools/array.sty
Package: array 2019/08/31 v2.4l Tabular extension package (FMi)
\col@sep=\dimen176
\ar@mcellbox=\box52
\extrarowheight=\dimen177
\NC@list=\toks26
\extratabsurround=\skip58
\backup@length=\skip59
\ar@cellbox=\box53
) (/Users/salmahuque/Library/TinyTeX/texmf-dist/tex/latex/multirow/multirow.sty
Package: multirow 2019/05/31 v2.5 Span multiple rows of a table
\multirow@colwidth=\skip60
\multirow@cntb=\count279
\multirow@dima=\skip61
\bigstrutjot=\dimen178
) (/Users/salmahuque/Library/TinyTeX/texmf-dist/tex/latex/wrapfig/wrapfig.sty
\wrapoverhang=\dimen179
\WF@size=\dimen180
\c@WF@wrappedlines=\count280
\WF@box=\box54
\WF@everypar=\toks27
Package: wrapfig 2003/01/31  v 3.6
) (/Users/salmahuque/Library/TinyTeX/texmf-dist/tex/latex/float/float.sty
Package: float 2001/11/08 v1.3d Float enhancements (AL)
\c@float@type=\count281
\float@exts=\toks28
\float@box=\box55
\@float@everytoks=\toks29
\@floatcapt=\box56
) (/Users/salmahuque/Library/TinyTeX/texmf-dist/tex/latex/colortbl/colortbl.sty
Package: colortbl 2020/01/04 v1.0e Color table columns (DPC)
\everycr=\toks30
\minrowclearance=\skip62
)
(/Users/salmahuque/Library/TinyTeX/texmf-dist/tex/latex/pdflscape/pdflscape.sty
Package: pdflscape 2019/12/05 v0.12 Display of landscape pages in PDF (HO)
(/Users/salmahuque/Library/TinyTeX/texmf-dist/tex/latex/graphics/lscape.sty
Package: lscape 2000/10/22 v3.01 Landscape Pages (DPC)
)
Package pdflscape Info: Auto-detected driver: pdftex on input line 81.
) (/Users/salmahuque/Library/TinyTeX/texmf-dist/tex/latex/tabu/tabu.sty
Package: tabu 2019/01/11 v2.9 - flexible LaTeX tabulars (FC+tabu-fixed)
(/Users/salmahuque/Library/TinyTeX/texmf-dist/tex/latex/varwidth/varwidth.sty
Package: varwidth 2009/03/30 ver 0.92;  Variable-width minipages
\@vwid@box=\box57
\sift@deathcycles=\count282
\@vwid@loff=\dimen181
\@vwid@roff=\dimen182
)
\c@taburow=\count283
\tabu@nbcols=\count284
\tabu@cnt=\count285
\tabu@Xcol=\count286
\tabu@alloc=\count287
\tabu@nested=\count288
\tabu@target=\dimen183
\tabu@spreadtarget=\dimen184
\tabu@naturalX=\dimen185
\tabucolX=\dimen186
\tabu@Xsum=\dimen187
\extrarowdepth=\dimen188
\abovetabulinesep=\dimen189
\belowtabulinesep=\dimen190
\tabustrutrule=\dimen191
\tabu@thebody=\toks31
\tabu@footnotes=\toks32
\tabu@box=\box58
\tabu@arstrutbox=\box59
\tabu@hleads=\box60
\tabu@vleads=\box61
\tabu@cellskip=\skip63
)
(/Users/salmahuque/Library/TinyTeX/texmf-dist/tex/latex/threeparttable/threepar
ttable.sty
Package: threeparttable 2003/06/13  v 3.0
\@tempboxb=\box62
)
(/Users/salmahuque/Library/TinyTeX/texmf-dist/tex/latex/threeparttablex/threepa
rttablex.sty
Package: threeparttablex 2013/07/23 v0.3 by daleif
(/Users/salmahuque/Library/TinyTeX/texmf-dist/tex/latex/environ/environ.sty
Package: environ 2014/05/04 v0.3 A new way to define environments

(/Users/salmahuque/Library/TinyTeX/texmf-dist/tex/latex/trimspaces/trimspaces.s
ty
Package: trimspaces 2009/09/17 v1.1 Trim spaces around a token list
))
\TPTL@width=\skip64
) (/Users/salmahuque/Library/TinyTeX/texmf-dist/tex/generic/ulem/ulem.sty
\UL@box=\box63
\UL@hyphenbox=\box64
\UL@skip=\skip65
\UL@hook=\toks33
\UL@height=\dimen192
\UL@pe=\count289
\UL@pixel=\dimen193
\ULC@box=\box65
Package: ulem 2019/11/18
\ULdepth=\dimen194
) (/Users/salmahuque/Library/TinyTeX/texmf-dist/tex/latex/makecell/makecell.sty
Package: makecell 2009/08/03 V0.1e Managing of Tab Column Heads and Cells
\rotheadsize=\dimen195
\c@nlinenum=\count290
\TeXr@lab=\toks34
) (/Users/salmahuque/Library/TinyTeX/texmf-dist/tex/latex/xcolor/xcolor.sty
Package: xcolor 2016/05/11 v2.12 LaTeX color extensions (UK)
(/Users/salmahuque/Library/TinyTeX/texmf-dist/tex/latex/graphics-cfg/color.cfg
File: color.cfg 2016/01/02 v1.6 sample color configuration
)
Package xcolor Info: Driver file: pdftex.def on input line 225.
LaTeX Info: Redefining \color on input line 709.
Package xcolor Info: Model `cmy' substituted by `cmy0' on input line 1348.
Package xcolor Info: Model `hsb' substituted by `rgb' on input line 1352.
Package xcolor Info: Model `RGB' extended on input line 1364.
Package xcolor Info: Model `HTML' substituted by `rgb' on input line 1366.
Package xcolor Info: Model `Hsb' substituted by `hsb' on input line 1367.
Package xcolor Info: Model `tHsb' substituted by `hsb' on input line 1368.
Package xcolor Info: Model `HSB' substituted by `hsb' on input line 1369.
Package xcolor Info: Model `Gray' substituted by `gray' on input line 1370.
Package xcolor Info: Model `wave' substituted by `hsb' on input line 1371.
)
(/Users/salmahuque/Library/TinyTeX/texmf-dist/tex/latex/l3backend/l3backend-pdf
mode.def
File: l3backend-pdfmode.def 2020-02-23 L3 backend support: PDF mode
\l__kernel_color_stack_int=\count291
\l__pdf_internal_box=\box66
) (./econw.aux)
\openout1 = `econw.aux'.

LaTeX Font Info:    Checking defaults for OML/cmm/m/it on input line 124.
LaTeX Font Info:    ... okay on input line 124.
LaTeX Font Info:    Checking defaults for OMS/cmsy/m/n on input line 124.
LaTeX Font Info:    ... okay on input line 124.
LaTeX Font Info:    Checking defaults for OT1/cmr/m/n on input line 124.
LaTeX Font Info:    ... okay on input line 124.
LaTeX Font Info:    Checking defaults for T1/cmr/m/n on input line 124.
LaTeX Font Info:    ... okay on input line 124.
LaTeX Font Info:    Checking defaults for TS1/cmr/m/n on input line 124.
LaTeX Font Info:    ... okay on input line 124.
LaTeX Font Info:    Checking defaults for OMX/cmex/m/n on input line 124.
LaTeX Font Info:    ... okay on input line 124.
LaTeX Font Info:    Checking defaults for U/cmr/m/n on input line 124.
LaTeX Font Info:    ... okay on input line 124.
LaTeX Font Info:    Checking defaults for PD1/pdf/m/n on input line 124.
LaTeX Font Info:    ... okay on input line 124.
LaTeX Font Info:    Checking defaults for PU/pdf/m/n on input line 124.
LaTeX Font Info:    ... okay on input line 124.
\AtBeginShipoutBox=\box67
Package hyperref Info: Link coloring OFF on input line 124.
(/Users/salmahuque/Library/TinyTeX/texmf-dist/tex/latex/hyperref/nameref.sty
Package: nameref 2019/09/16 v2.46 Cross-referencing by name of section
(/Users/salmahuque/Library/TinyTeX/texmf-dist/tex/latex/refcount/refcount.sty
Package: refcount 2019/12/15 v3.6 Data extraction from label references (HO)
)
(/Users/salmahuque/Library/TinyTeX/texmf-dist/tex/generic/gettitlestring/gettit
lestring.sty
Package: gettitlestring 2019/12/15 v1.6 Cleanup title references (HO)
)
\c@section@level=\count292
)
LaTeX Info: Redefining \ref on input line 124.
LaTeX Info: Redefining \pageref on input line 124.
LaTeX Info: Redefining \nameref on input line 124.
(./econw.out) (./econw.out)
\@outlinefile=\write4
\openout4 = `econw.out'.

*geometry* driver: auto-detecting
*geometry* detected driver: pdftex
*geometry* verbose mode - [ preamble ] result:
* driver: pdftex
* paper: <default>
* layout: <same size as paper>
* layoutoffset:(h,v)=(0.0pt,0.0pt)
* modes: 
* h-part:(L,W,R)=(72.26999pt, 469.75502pt, 72.26999pt)
* v-part:(T,H,B)=(72.26999pt, 650.43001pt, 72.26999pt)
* \paperwidth=614.295pt
* \paperheight=794.96999pt
* \textwidth=469.75502pt
* \textheight=650.43001pt
* \oddsidemargin=0.0pt
* \evensidemargin=0.0pt
* \topmargin=-37.0pt
* \headheight=12.0pt
* \headsep=25.0pt
* \topskip=10.0pt
* \footskip=30.0pt
* \marginparwidth=65.0pt
* \marginparsep=11.0pt
* \columnsep=10.0pt
* \skip\footins=9.0pt plus 4.0pt minus 2.0pt
* \hoffset=0.0pt
* \voffset=0.0pt
* \mag=1000
* \@twocolumnfalse
* \@twosidefalse
* \@mparswitchfalse
* \@reversemarginfalse
* (1in=72.27pt=25.4mm, 1cm=28.453pt)


(/Users/salmahuque/Library/TinyTeX/texmf-dist/tex/latex/epstopdf-pkg/epstopdf-b
ase.sty
Package: epstopdf-base 2020-01-24 v2.11 Base part for package epstopdf
Package epstopdf-base Info: Redefining graphics rule for `.eps' on input line 4
85.

(/Users/salmahuque/Library/TinyTeX/texmf-dist/tex/latex/latexconfig/epstopdf-sy
s.cfg
File: epstopdf-sys.cfg 2010/07/13 v1.3 Configuration of (r)epstopdf for TeX Liv
e
))
LaTeX Font Info:    Trying to load font information for OT1+lmr on input line 1
26.
(/Users/salmahuque/Library/TinyTeX/texmf-dist/tex/latex/lm/ot1lmr.fd
File: ot1lmr.fd 2009/10/30 v1.6 Font defs for Latin Modern
)
LaTeX Font Info:    Trying to load font information for OML+lmm on input line 1
26.
(/Users/salmahuque/Library/TinyTeX/texmf-dist/tex/latex/lm/omllmm.fd
File: omllmm.fd 2009/10/30 v1.6 Font defs for Latin Modern
)
LaTeX Font Info:    Trying to load font information for OMS+lmsy on input line 
126.
(/Users/salmahuque/Library/TinyTeX/texmf-dist/tex/latex/lm/omslmsy.fd
File: omslmsy.fd 2009/10/30 v1.6 Font defs for Latin Modern
)
LaTeX Font Info:    Trying to load font information for OMX+lmex on input line 
126.
(/Users/salmahuque/Library/TinyTeX/texmf-dist/tex/latex/lm/omxlmex.fd
File: omxlmex.fd 2009/10/30 v1.6 Font defs for Latin Modern
)
LaTeX Font Info:    External font `lmex10' loaded for size
(Font)              <12> on input line 126.
LaTeX Font Info:    External font `lmex10' loaded for size
(Font)              <8> on input line 126.
LaTeX Font Info:    External font `lmex10' loaded for size
(Font)              <6> on input line 126.
LaTeX Font Info:    Trying to load font information for U+msa on input line 126
.
(/Users/salmahuque/Library/TinyTeX/texmf-dist/tex/latex/amsfonts/umsa.fd
File: umsa.fd 2013/01/14 v3.01 AMS symbols A
)
LaTeX Font Info:    Trying to load font information for U+msb on input line 126
.
(/Users/salmahuque/Library/TinyTeX/texmf-dist/tex/latex/amsfonts/umsb.fd
File: umsb.fd 2013/01/14 v3.01 AMS symbols B
)

Package xcolor Warning: Incompatible color definition on input line 131.

LaTeX Font Info:    Trying to load font information for T1+lmtt on input line 1
32.
(/Users/salmahuque/Library/TinyTeX/texmf-dist/tex/latex/lm/t1lmtt.fd
File: t1lmtt.fd 2009/10/30 v1.6 Font defs for Latin Modern
)
LaTeX Font Info:    Font shape `T1/lmtt/bx/n' in size <10> not available
(Font)              Font shape `T1/lmtt/b/n' tried instead on input line 134.

Package xcolor Warning: Incompatible color definition on input line 179.


Package xcolor Warning: Incompatible color definition on input line 179.


Package xcolor Warning: Incompatible color definition on input line 179.

[1

{/Users/salmahuque/Library/TinyTeX/texmf-var/fonts/map/pdftex/updmap/pdftex.map
}]

Package xcolor Warning: Incompatible color definition on input line 179.


Package xcolor Warning: Incompatible color definition on input line 179.

LaTeX Font Info:    Trying to load font information for TS1+lmtt on input line 
186.
(/Users/salmahuque/Library/TinyTeX/texmf-dist/tex/latex/lm/ts1lmtt.fd
File: ts1lmtt.fd 2009/10/30 v1.6 Font defs for Latin Modern
)

Package xcolor Warning: Incompatible color definition on input line 188.


Package xcolor Warning: Incompatible color definition on input line 218.


Package xcolor Warning: Incompatible color definition on input line 218.


Package xcolor Warning: Incompatible color definition on input line 223.


Package xcolor Warning: Incompatible color definition on input line 274.


Package xcolor Warning: Incompatible color definition on input line 274.


Package xcolor Warning: Incompatible color definition on input line 274.

[2]

Package xcolor Warning: Incompatible color definition on input line 274.


Package xcolor Warning: Incompatible color definition on input line 274.


Package xcolor Warning: Incompatible color definition on input line 279.


Package xcolor Warning: Incompatible color definition on input line 291.


Package xcolor Warning: Incompatible color definition on input line 291.

[3] [4] [5] [6] [7] [8]

Package xcolor Warning: Incompatible color definition on input line 616.


Package xcolor Warning: Incompatible color definition on input line 626.


Package xcolor Warning: Incompatible color definition on input line 626.

[9]
<econw_files/figure-latex/unnamed-chunk-4-1.pdf, id=64, 436.63126pt x 252.945pt
>
File: econw_files/figure-latex/unnamed-chunk-4-1.pdf Graphic file (type pdf)
<use econw_files/figure-latex/unnamed-chunk-4-1.pdf>
Package pdftex.def Info: econw_files/figure-latex/unnamed-chunk-4-1.pdf  used o
n input line 633.
(pdftex.def)             Requested size: 436.63019pt x 252.94438pt.

Package xcolor Warning: Incompatible color definition on input line 635.


Package xcolor Warning: Incompatible color definition on input line 649.


Package xcolor Warning: Incompatible color definition on input line 649.

[10 <./econw_files/figure-latex/unnamed-chunk-4-1.pdf>] [11] [12] [13] [14] [15
]

Package xcolor Warning: Incompatible color definition on input line 974.


Package xcolor Warning: Incompatible color definition on input line 993.


Package xcolor Warning: Incompatible color definition on input line 993.

[16] [17] [18] [19] [20] [21]

Package xcolor Warning: Incompatible color definition on input line 1318.


Package xcolor Warning: Incompatible color definition on input line 1326.


Package xcolor Warning: Incompatible color definition on input line 1326.

[22]
Overfull \hbox (559.24199pt too wide) in paragraph at lines 1794--1794
[]\T1/lmtt/m/n/10 ## <table style="text-align:center"><tr><td colspan="4" style
="border-bottom: 1px solid black"></td></tr><tr><td style="text-align:left"></t
d><td colspan="3"><em>Dependent variable:</em></td></tr>[] 
 []


Overfull \hbox (76.2434pt too wide) in paragraph at lines 1794--1794
[]\T1/lmtt/m/n/10 ## <tr><td style="text-align:left"></td><td>SALEPRICE</td><td
>SALEPRICElog</td><td>SALEPRICEbc</td></tr>[] 
 []


Overfull \hbox (637.99176pt too wide) in paragraph at lines 1794--1794
[]\T1/lmtt/m/n/10 ## <tr><td colspan="4" style="border-bottom: 1px solid black"
></td></tr><tr><td style="text-align:left">CN_score</td><td>-326.634<sup>***</s
up></td><td>-0.001<sup>***</sup></td><td>-0.269<sup>***</sup></td></tr>[] 
 []


Overfull \hbox (34.24352pt too wide) in paragraph at lines 1794--1794
[]\T1/lmtt/m/n/10 ## <tr><td style="text-align:left"></td><td>(105.848)</td><td
>(0.0002)</td><td>(0.080)</td></tr>[] 
 []


Overfull \hbox (70.99341pt too wide) in paragraph at lines 1794--1794
[]\T1/lmtt/m/n/10 ## <tr><td style="text-align:left">percent_vacant</td><td>157
.677</td><td>0.006</td><td>1.228</td></tr>[] 
 []


Overfull \hbox (39.4935pt too wide) in paragraph at lines 1794--1794
[]\T1/lmtt/m/n/10 ## <tr><td style="text-align:left"></td><td>(3,277.157)</td><
td>(0.008)</td><td>(2.480)</td></tr>[] 
 []


Overfull \hbox (301.99274pt too wide) in paragraph at lines 1794--1794
[]\T1/lmtt/m/n/10 ## <tr><td style="text-align:left">dist_cityhall</td><td>-5.6
49<sup>***</sup></td><td>-0.00001<sup>***</sup></td><td>-0.004<sup>***</sup></t
d></tr>[] 
 []


Overfull \hbox (34.24352pt too wide) in paragraph at lines 1794--1794
[]\T1/lmtt/m/n/10 ## <tr><td style="text-align:left"></td><td>(0.410)</td><td>(
0.00000)</td><td>(0.0003)</td></tr>[] 
 []


Overfull \hbox (270.49283pt too wide) in paragraph at lines 1794--1794
[]\T1/lmtt/m/n/10 ## <tr><td style="text-align:left">dist_ugb</td><td>-1.235<su
p>**</sup></td><td>-0.00000<sup>***</sup></td><td>-0.001<sup>***</sup></td></tr
>[] 
 []


Overfull \hbox (34.24352pt too wide) in paragraph at lines 1794--1794
[]\T1/lmtt/m/n/10 ## <tr><td style="text-align:left"></td><td>(0.508)</td><td>(
0.00000)</td><td>(0.0004)</td></tr>[] 
 []


Overfull \hbox (265.24284pt too wide) in paragraph at lines 1794--1794
[]\T1/lmtt/m/n/10 ## <tr><td style="text-align:left">totalsqft</td><td>60.417<s
up>***</sup></td><td>0.0001<sup>***</sup></td><td>0.042<sup>***</sup></td></tr>
[] 
 []


Overfull \hbox (28.99353pt too wide) in paragraph at lines 1794--1794
[]\T1/lmtt/m/n/10 ## <tr><td style="text-align:left"></td><td>(1.339)</td><td>(
0.00000)</td><td>(0.001)</td></tr>[] 
 []


Overfull \hbox (286.24278pt too wide) in paragraph at lines 1794--1794
[]\T1/lmtt/m/n/10 ## <tr><td style="text-align:left">yearbuilt</td><td>-420.980
<sup>***</sup></td><td>-0.0004<sup>***</sup></td><td>-0.223<sup>***</sup></td><
/tr>[] 
 []


Overfull \hbox (28.99353pt too wide) in paragraph at lines 1794--1794
[]\T1/lmtt/m/n/10 ## <tr><td style="text-align:left"></td><td>(43.113)</td><td>
(0.0001)</td><td>(0.033)</td></tr>[] 
 []


Overfull \hbox (275.74281pt too wide) in paragraph at lines 1794--1794
[]\T1/lmtt/m/n/10 ## <tr><td style="text-align:left">f_baths</td><td>61,341.740
<sup>***</sup></td><td>0.121<sup>***</sup></td><td>45.483<sup>***</sup></td></t
r>[] 
 []


Overfull \hbox (39.4935pt too wide) in paragraph at lines 1794--1794
[]\T1/lmtt/m/n/10 ## <tr><td style="text-align:left"></td><td>(1,382.026)</td><
td>(0.003)</td><td>(1.046)</td></tr>[] 
 []


Overfull \hbox (275.74281pt too wide) in paragraph at lines 1794--1794
[]\T1/lmtt/m/n/10 ## <tr><td style="text-align:left">h_baths</td><td>43,986.550
<sup>***</sup></td><td>0.085<sup>***</sup></td><td>32.119<sup>***</sup></td></t
r>[] 
 []


Overfull \hbox (39.4935pt too wide) in paragraph at lines 1794--1794
[]\T1/lmtt/m/n/10 ## <tr><td style="text-align:left"></td><td>(1,746.002)</td><
td>(0.004)</td><td>(1.321)</td></tr>[] 
 []


Overfull \hbox (86.74336pt too wide) in paragraph at lines 1794--1794
[]\T1/lmtt/m/n/10 ## <tr><td style="text-align:left">n_fireplaces</td><td>-5,66
6.343</td><td>-0.006</td><td>-3.118</td></tr>[] 
 []


Overfull \hbox (39.4935pt too wide) in paragraph at lines 1794--1794
[]\T1/lmtt/m/n/10 ## <tr><td style="text-align:left"></td><td>(4,248.693)</td><
td>(0.010)</td><td>(3.215)</td></tr>[] 
 []


Overfull \hbox (296.74275pt too wide) in paragraph at lines 1794--1794
[]\T1/lmtt/m/n/10 ## <tr><td style="text-align:left">ADUdummy</td><td>-35,647.4
80<sup>***</sup></td><td>-0.076<sup>***</sup></td><td>-26.479<sup>***</sup></td
></tr>[] 
 []


Overfull \hbox (39.4935pt too wide) in paragraph at lines 1794--1794
[]\T1/lmtt/m/n/10 ## <tr><td style="text-align:left"></td><td>(7,083.089)</td><
td>(0.017)</td><td>(5.360)</td></tr>[] 
 []


Overfull \hbox (317.74269pt too wide) in paragraph at lines 1794--1794
[]\T1/lmtt/m/n/10 ## <tr><td style="text-align:left">pct_canopy_cov</td><td>-13
,885.650<sup>***</sup></td><td>-0.026<sup>**</sup></td><td>-9.646<sup>***</sup>
</td></tr>[] 
 []


Overfull \hbox (39.4935pt too wide) in paragraph at lines 1794--1794
[]\T1/lmtt/m/n/10 ## <tr><td style="text-align:left"></td><td>(4,829.851)</td><
td>(0.011)</td><td>(3.655)</td></tr>[] 
 []


Overfull \hbox (275.74281pt too wide) in paragraph at lines 1794--1794
[]\T1/lmtt/m/n/10 ## <tr><td style="text-align:left">taxlot_area</td><td>1.754<
sup>***</sup></td><td>0.00000<sup>***</sup></td><td>0.001<sup>***</sup></td></t
r>[] 
 []


Overfull \hbox (34.24352pt too wide) in paragraph at lines 1794--1794
[]\T1/lmtt/m/n/10 ## <tr><td style="text-align:left"></td><td>(0.123)</td><td>(
0.00000)</td><td>(0.0001)</td></tr>[] 
 []


Overfull \hbox (291.49277pt too wide) in paragraph at lines 1794--1794
[]\T1/lmtt/m/n/10 ## <tr><td style="text-align:left">garage_dum</td><td>12,643.
760<sup>***</sup></td><td>0.035<sup>***</sup></td><td>10.998<sup>***</sup></td>
</tr>[] 
 []


Overfull \hbox (39.4935pt too wide) in paragraph at lines 1794--1794
[]\T1/lmtt/m/n/10 ## <tr><td style="text-align:left"></td><td>(2,294.286)</td><
td>(0.005)</td><td>(1.736)</td></tr>[] 
 []


Overfull \hbox (196.99304pt too wide) in paragraph at lines 1794--1794
[]\T1/lmtt/m/n/10 ## <tr><td style="text-align:left">attic_dum</td><td>-5,226.0
94<sup>**</sup></td><td>0.009<sup>*</sup></td><td>-0.076</td></tr>[] 
 []


Overfull \hbox (39.4935pt too wide) in paragraph at lines 1794--1794
[]\T1/lmtt/m/n/10 ## <tr><td style="text-align:left"></td><td>(2,096.614)</td><
td>(0.005)</td><td>(1.586)</td></tr>[] 
 []


Overfull \hbox (207.49301pt too wide) in paragraph at lines 1794--1794
[]\T1/lmtt/m/n/10 ## <tr><td style="text-align:left">bsmt_dum</td><td>-8,739.46
9<sup>***</sup></td><td>0.015<sup>***</sup></td><td>-0.584</td></tr>[] 
 []


Overfull \hbox (39.4935pt too wide) in paragraph at lines 1794--1794
[]\T1/lmtt/m/n/10 ## <tr><td style="text-align:left"></td><td>(2,175.229)</td><
td>(0.005)</td><td>(1.646)</td></tr>[] 
 []


Overfull \hbox (286.24278pt too wide) in paragraph at lines 1794--1794
[]\T1/lmtt/m/n/10 ## <tr><td style="text-align:left">year_sold</td><td>27,884.3
30<sup>***</sup></td><td>0.069<sup>***</sup></td><td>23.248<sup>***</sup></td><
/tr>[] 
 []


Overfull \hbox (28.99353pt too wide) in paragraph at lines 1794--1794
[]\T1/lmtt/m/n/10 ## <tr><td style="text-align:left"></td><td>(700.898)</td><td
>(0.002)</td><td>(0.530)</td></tr>[] 
 []


Overfull \hbox (123.49326pt too wide) in paragraph at lines 1794--1794
[]\T1/lmtt/m/n/10 ## <tr><td style="text-align:left">MapLabelArbor Lodge</td><t
d>-16,764.570</td><td>0.019</td><td>-4.298</td></tr>[] 
 []


Overfull \hbox (49.99347pt too wide) in paragraph at lines 1794--1794
[]\T1/lmtt/m/n/10 ## <tr><td style="text-align:left"></td><td>(22,015.280)</td>
<td>(0.052)</td><td>(16.658)</td></tr>[] 
 []

[23]
Overfull \hbox (422.74239pt too wide) in paragraph at lines 1794--1794
[]\T1/lmtt/m/n/10 ## <tr><td style="text-align:left">MapLabelArdenwald-Johnson 
Creek</td><td>-133,727.700<sup>***</sup></td><td>-0.237<sup>***</sup></td><td>-
96.699<sup>***</sup></td></tr>[] 
 []


Overfull \hbox (49.99347pt too wide) in paragraph at lines 1794--1794
[]\T1/lmtt/m/n/10 ## <tr><td style="text-align:left"></td><td>(24,995.950)</td>
<td>(0.059)</td><td>(18.914)</td></tr>[] 
 []


Overfull \hbox (375.49252pt too wide) in paragraph at lines 1794--1794
[]\T1/lmtt/m/n/10 ## <tr><td style="text-align:left">MapLabelArgay Terrace</td>
<td>-194,366.400<sup>***</sup></td><td>-0.432<sup>***</sup></td><td>-153.892<su
p>***</sup></td></tr>[] 
 []


Overfull \hbox (49.99347pt too wide) in paragraph at lines 1794--1794
[]\T1/lmtt/m/n/10 ## <tr><td style="text-align:left"></td><td>(20,873.180)</td>
<td>(0.049)</td><td>(15.794)</td></tr>[] 
 []


Overfull \hbox (307.24272pt too wide) in paragraph at lines 1794--1794
[]\T1/lmtt/m/n/10 ## <tr><td style="text-align:left">MapLabelArlington Heights<
/td><td>-31,960.250</td><td>-0.231<sup>***</sup></td><td>-54.291<sup>**</sup></
td></tr>[] 
 []


Overfull \hbox (49.99347pt too wide) in paragraph at lines 1794--1794
[]\T1/lmtt/m/n/10 ## <tr><td style="text-align:left"></td><td>(30,074.950)</td>
<td>(0.070)</td><td>(22.757)</td></tr>[] 
 []


Overfull \hbox (370.24254pt too wide) in paragraph at lines 1794--1794
[]\T1/lmtt/m/n/10 ## <tr><td style="text-align:left">MapLabelArnold Creek</td><
td>-121,960.500<sup>***</sup></td><td>-0.306<sup>***</sup></td><td>-100.884<sup
>***</sup></td></tr>[] 
 []


Overfull \hbox (49.99347pt too wide) in paragraph at lines 1794--1794
[]\T1/lmtt/m/n/10 ## <tr><td style="text-align:left"></td><td>(19,459.310)</td>
<td>(0.046)</td><td>(14.724)</td></tr>[] 
 []


Overfull \hbox (349.2426pt too wide) in paragraph at lines 1794--1794
[]\T1/lmtt/m/n/10 ## <tr><td style="text-align:left">MapLabelAshcreek</td><td>-
159,884.900<sup>***</sup></td><td>-0.359<sup>***</sup></td><td>-126.846<sup>***
</sup></td></tr>[] 
 []


Overfull \hbox (49.99347pt too wide) in paragraph at lines 1794--1794
[]\T1/lmtt/m/n/10 ## <tr><td style="text-align:left"></td><td>(18,898.680)</td>
<td>(0.044)</td><td>(14.300)</td></tr>[] 
 []


Overfull \hbox (160.24315pt too wide) in paragraph at lines 1794--1794
[]\T1/lmtt/m/n/10 ## <tr><td style="text-align:left">MapLabelBeaumont-Wilshire<
/td><td>-10,546.900</td><td>-0.027</td><td>-8.994</td></tr>[] 
 []


Overfull \hbox (39.4935pt too wide) in paragraph at lines 1794--1794
[]\T1/lmtt/m/n/10 ## <tr><td style="text-align:left"></td><td>(9,858.105)</td><
td>(0.023)</td><td>(7.459)</td></tr>[] 
 []


Overfull \hbox (86.74336pt too wide) in paragraph at lines 1794--1794
[]\T1/lmtt/m/n/10 ## <tr><td style="text-align:left">MapLabelBoise</td><td>-18,
481.920</td><td>0.079</td><td>6.177</td></tr>[] 
 []


Overfull \hbox (49.99347pt too wide) in paragraph at lines 1794--1794
[]\T1/lmtt/m/n/10 ## <tr><td style="text-align:left"></td><td>(30,790.950)</td>
<td>(0.072)</td><td>(23.299)</td></tr>[] 
 []


Overfull \hbox (412.24242pt too wide) in paragraph at lines 1794--1794
[]\T1/lmtt/m/n/10 ## <tr><td style="text-align:left">MapLabelBrentwood-Darlingt
on</td><td>-164,267.500<sup>***</sup></td><td>-0.352<sup>***</sup></td><td>-129
.079<sup>***</sup></td></tr>[] 
 []


Overfull \hbox (49.99347pt too wide) in paragraph at lines 1794--1794
[]\T1/lmtt/m/n/10 ## <tr><td style="text-align:left"></td><td>(15,699.130)</td>
<td>(0.037)</td><td>(11.879)</td></tr>[] 
 []


Overfull \hbox (359.74257pt too wide) in paragraph at lines 1794--1794
[]\T1/lmtt/m/n/10 ## <tr><td style="text-align:left">MapLabelBridlemile</td><td
>-178,343.500<sup>***</sup></td><td>-0.394<sup>***</sup></td><td>-139.134<sup>*
**</sup></td></tr>[] 
 []


Overfull \hbox (49.99347pt too wide) in paragraph at lines 1794--1794
[]\T1/lmtt/m/n/10 ## <tr><td style="text-align:left"></td><td>(25,280.690)</td>
<td>(0.059)</td><td>(19.129)</td></tr>[] 
 []


Overfull \hbox (412.24242pt too wide) in paragraph at lines 1794--1794
[]\T1/lmtt/m/n/10 ## <tr><td style="text-align:left">MapLabelBrooklyn Action Co
rps</td><td>-133,753.900<sup>***</sup></td><td>-0.211<sup>***</sup></td><td>-90
.967<sup>***</sup></td></tr>[] 
 []


Overfull \hbox (49.99347pt too wide) in paragraph at lines 1794--1794
[]\T1/lmtt/m/n/10 ## <tr><td style="text-align:left"></td><td>(18,540.880)</td>
<td>(0.043)</td><td>(14.029)</td></tr>[] 
 []


Overfull \hbox (359.74257pt too wide) in paragraph at lines 1794--1794
[]\T1/lmtt/m/n/10 ## <tr><td style="text-align:left">MapLabelBuckman Community 
Association</td><td>-51,339.010<sup>**</sup></td><td>-0.057</td><td>-30.488<sup
>*</sup></td></tr>[] 
 []


Overfull \hbox (49.99347pt too wide) in paragraph at lines 1794--1794
[]\T1/lmtt/m/n/10 ## <tr><td style="text-align:left"></td><td>(21,719.080)</td>
<td>(0.051)</td><td>(16.434)</td></tr>[] 
 []


Overfull \hbox (133.99323pt too wide) in paragraph at lines 1794--1794
[]\T1/lmtt/m/n/10 ## <tr><td style="text-align:left">MapLabelCathedral Park</td
><td>15,445.270</td><td>0.102</td><td>22.628</td></tr>[] 
 []


Overfull \hbox (49.99347pt too wide) in paragraph at lines 1794--1794
[]\T1/lmtt/m/n/10 ## <tr><td style="text-align:left"></td><td>(28,522.580)</td>
<td>(0.067)</td><td>(21.582)</td></tr>[] 
 []


Overfull \hbox (475.24223pt too wide) in paragraph at lines 1794--1794
[]\T1/lmtt/m/n/10 ## <tr><td style="text-align:left">MapLabelCentennial Communi
ty Association</td><td>-166,126.700<sup>***</sup></td><td>-0.487<sup>***</sup><
/td><td>-152.053<sup>***</sup></td></tr>[] 
 []


Overfull \hbox (49.99347pt too wide) in paragraph at lines 1794--1794
[]\T1/lmtt/m/n/10 ## <tr><td style="text-align:left"></td><td>(19,199.140)</td>
<td>(0.045)</td><td>(14.528)</td></tr>[] 
 []


Overfull \hbox (370.24254pt too wide) in paragraph at lines 1794--1794
[]\T1/lmtt/m/n/10 ## <tr><td style="text-align:left">MapLabelCollins View</td><
td>-160,541.200<sup>***</sup></td><td>-0.364<sup>***</sup></td><td>-128.056<sup
>***</sup></td></tr>[] 
 []


Overfull \hbox (49.99347pt too wide) in paragraph at lines 1794--1794
[]\T1/lmtt/m/n/10 ## <tr><td style="text-align:left"></td><td>(20,163.710)</td>
<td>(0.047)</td><td>(15.257)</td></tr>[] 
 []


Overfull \hbox (338.74263pt too wide) in paragraph at lines 1794--1794
[]\T1/lmtt/m/n/10 ## <tr><td style="text-align:left">MapLabelConcordia</td><td>
-37,928.020<sup>***</sup></td><td>-0.062<sup>**</sup></td><td>-25.878<sup>***</
sup></td></tr>[] 
 []


Overfull \hbox (44.74348pt too wide) in paragraph at lines 1794--1794
[]\T1/lmtt/m/n/10 ## <tr><td style="text-align:left"></td><td>(13,030.880)</td>
<td>(0.031)</td><td>(9.860)</td></tr>[] 
 []


Overfull \hbox (396.49246pt too wide) in paragraph at lines 1794--1794
[]\T1/lmtt/m/n/10 ## <tr><td style="text-align:left">MapLabelCreston-Kenilworth
</td><td>-115,197.000<sup>***</sup></td><td>-0.205<sup>***</sup></td><td>-81.97
4<sup>***</sup></td></tr>[] 
 []


Overfull \hbox (49.99347pt too wide) in paragraph at lines 1794--1794
[]\T1/lmtt/m/n/10 ## <tr><td style="text-align:left"></td><td>(15,715.410)</td>
<td>(0.037)</td><td>(11.891)</td></tr>[] 
 []


Overfull \hbox (354.49258pt too wide) in paragraph at lines 1794--1794
[]\T1/lmtt/m/n/10 ## <tr><td style="text-align:left">MapLabelCrestwood</td><td>
-180,350.700<sup>***</sup></td><td>-0.413<sup>***</sup></td><td>-144.121<sup>**
*</sup></td></tr>[] 
 []


Overfull \hbox (49.99347pt too wide) in paragraph at lines 1794--1794
[]\T1/lmtt/m/n/10 ## <tr><td style="text-align:left"></td><td>(19,882.820)</td>
<td>(0.047)</td><td>(15.045)</td></tr>[] 
 []


Overfull \hbox (459.49228pt too wide) in paragraph at lines 1794--1794
[]\T1/lmtt/m/n/10 ## <tr><td style="text-align:left">MapLabelCully Association 
of Neighbors</td><td>-116,518.200<sup>***</sup></td><td>-0.234<sup>***</sup></t
d><td>-87.697<sup>***</sup></td></tr>[] 
 []


Overfull \hbox (44.74348pt too wide) in paragraph at lines 1794--1794
[]\T1/lmtt/m/n/10 ## <tr><td style="text-align:left"></td><td>(12,252.100)</td>
<td>(0.029)</td><td>(9.271)</td></tr>[] 
 []

[24]
Overfull \hbox (375.49252pt too wide) in paragraph at lines 1794--1794
[]\T1/lmtt/m/n/10 ## <tr><td style="text-align:left">MapLabelEast Columbia</td>
<td>-162,808.900<sup>***</sup></td><td>-0.353<sup>***</sup></td><td>-126.666<su
p>***</sup></td></tr>[] 
 []


Overfull \hbox (49.99347pt too wide) in paragraph at lines 1794--1794
[]\T1/lmtt/m/n/10 ## <tr><td style="text-align:left"></td><td>(26,837.290)</td>
<td>(0.063)</td><td>(20.307)</td></tr>[] 
 []


Overfull \hbox (343.99261pt too wide) in paragraph at lines 1794--1794
[]\T1/lmtt/m/n/10 ## <tr><td style="text-align:left">MapLabelEastmoreland</td><
td>72,107.040<sup>***</sup></td><td>0.127<sup>***</sup></td><td>50.549<sup>***<
/sup></td></tr>[] 
 []


Overfull \hbox (49.99347pt too wide) in paragraph at lines 1794--1794
[]\T1/lmtt/m/n/10 ## <tr><td style="text-align:left"></td><td>(16,222.720)</td>
<td>(0.038)</td><td>(12.275)</td></tr>[] 
 []


Overfull \hbox (317.74269pt too wide) in paragraph at lines 1794--1794
[]\T1/lmtt/m/n/10 ## <tr><td style="text-align:left">MapLabelEliot</td><td>-154
,713.200<sup>***</sup></td><td>-0.189<sup>*</sup></td><td>-94.935<sup>***</sup>
</td></tr>[] 
 []


Overfull \hbox (49.99347pt too wide) in paragraph at lines 1794--1794
[]\T1/lmtt/m/n/10 ## <tr><td style="text-align:left"></td><td>(47,395.660)</td>
<td>(0.111)</td><td>(35.863)</td></tr>[] 
 []


Overfull \hbox (370.24254pt too wide) in paragraph at lines 1794--1794
[]\T1/lmtt/m/n/10 ## <tr><td style="text-align:left">MapLabelFar Southwest</td>
<td>-126,434.000<sup>***</sup></td><td>-0.281<sup>***</sup></td><td>-99.945<sup
>***</sup></td></tr>[] 
 []


Overfull \hbox (49.99347pt too wide) in paragraph at lines 1794--1794
[]\T1/lmtt/m/n/10 ## <tr><td style="text-align:left"></td><td>(20,578.830)</td>
<td>(0.048)</td><td>(15.572)</td></tr>[] 
 []


Overfull \hbox (349.2426pt too wide) in paragraph at lines 1794--1794
[]\T1/lmtt/m/n/10 ## <tr><td style="text-align:left">MapLabelForest Park</td><t
d>-67,443.730<sup>**</sup></td><td>-0.256<sup>***</sup></td><td>-71.030<sup>***
</sup></td></tr>[] 
 []


Overfull \hbox (49.99347pt too wide) in paragraph at lines 1794--1794
[]\T1/lmtt/m/n/10 ## <tr><td style="text-align:left"></td><td>(28,000.390)</td>
<td>(0.066)</td><td>(21.187)</td></tr>[] 
 []


Overfull \hbox (370.24254pt too wide) in paragraph at lines 1794--1794
[]\T1/lmtt/m/n/10 ## <tr><td style="text-align:left">MapLabelFoster-Powell</td>
<td>-117,365.000<sup>***</sup></td><td>-0.212<sup>***</sup></td><td>-85.394<sup
>***</sup></td></tr>[] 
 []


Overfull \hbox (49.99347pt too wide) in paragraph at lines 1794--1794
[]\T1/lmtt/m/n/10 ## <tr><td style="text-align:left"></td><td>(16,099.950)</td>
<td>(0.038)</td><td>(12.182)</td></tr>[] 
 []


Overfull \hbox (349.2426pt too wide) in paragraph at lines 1794--1794
[]\T1/lmtt/m/n/10 ## <tr><td style="text-align:left">MapLabelGlenfair</td><td>-
177,226.600<sup>***</sup></td><td>-0.453<sup>***</sup></td><td>-151.122<sup>***
</sup></td></tr>[] 
 []


Overfull \hbox (49.99347pt too wide) in paragraph at lines 1794--1794
[]\T1/lmtt/m/n/10 ## <tr><td style="text-align:left"></td><td>(24,989.110)</td>
<td>(0.058)</td><td>(18.909)</td></tr>[] 
 []


Overfull \hbox (443.74232pt too wide) in paragraph at lines 1794--1794
[]\T1/lmtt/m/n/10 ## <tr><td style="text-align:left">MapLabelGoose Hollow Footh
ills League</td><td>-86,790.660<sup>**</sup></td><td>-0.309<sup>***</sup></td><
td>-90.086<sup>***</sup></td></tr>[] 
 []


Overfull \hbox (49.99347pt too wide) in paragraph at lines 1794--1794
[]\T1/lmtt/m/n/10 ## <tr><td style="text-align:left"></td><td>(34,144.280)</td>
<td>(0.080)</td><td>(25.836)</td></tr>[] 
 []


Overfull \hbox (333.49265pt too wide) in paragraph at lines 1794--1794
[]\T1/lmtt/m/n/10 ## <tr><td style="text-align:left">MapLabelGrant Park</td><td
>49,076.310<sup>***</sup></td><td>0.088<sup>***</sup></td><td>34.179<sup>***</s
up></td></tr>[] 
 []


Overfull \hbox (44.74348pt too wide) in paragraph at lines 1794--1794
[]\T1/lmtt/m/n/10 ## <tr><td style="text-align:left"></td><td>(11,355.580)</td>
<td>(0.027)</td><td>(8.593)</td></tr>[] 
 []


Overfull \hbox (364.99255pt too wide) in paragraph at lines 1794--1794
[]\T1/lmtt/m/n/10 ## <tr><td style="text-align:left">MapLabelHayden Island Neig
hborhood Network</td><td>50,631.110</td><td>0.155<sup>*</sup></td><td>48.544<su
p>*</sup></td></tr>[] 
 []


Overfull \hbox (49.99347pt too wide) in paragraph at lines 1794--1794
[]\T1/lmtt/m/n/10 ## <tr><td style="text-align:left"></td><td>(36,019.500)</td>
<td>(0.084)</td><td>(27.255)</td></tr>[] 
 []


Overfull \hbox (349.2426pt too wide) in paragraph at lines 1794--1794
[]\T1/lmtt/m/n/10 ## <tr><td style="text-align:left">MapLabelHayhurst</td><td>-
166,406.900<sup>***</sup></td><td>-0.370<sup>***</sup></td><td>-131.220<sup>***
</sup></td></tr>[] 
 []


Overfull \hbox (49.99347pt too wide) in paragraph at lines 1794--1794
[]\T1/lmtt/m/n/10 ## <tr><td style="text-align:left"></td><td>(18,920.670)</td>
<td>(0.044)</td><td>(14.317)</td></tr>[] 
 []


Overfull \hbox (354.49258pt too wide) in paragraph at lines 1794--1794
[]\T1/lmtt/m/n/10 ## <tr><td style="text-align:left">MapLabelHazelwood</td><td>
-162,153.000<sup>***</sup></td><td>-0.396<sup>***</sup></td><td>-134.388<sup>**
*</sup></td></tr>[] 
 []


Overfull \hbox (49.99347pt too wide) in paragraph at lines 1794--1794
[]\T1/lmtt/m/n/10 ## <tr><td style="text-align:left"></td><td>(16,445.770)</td>
<td>(0.038)</td><td>(12.444)</td></tr>[] 
 []


Overfull \hbox (207.49301pt too wide) in paragraph at lines 1794--1794
[]\T1/lmtt/m/n/10 ## <tr><td style="text-align:left">MapLabelHealy Heights</td>
<td>-7,396.506</td><td>-0.225<sup>**</sup></td><td>-45.311</td></tr>[] 
 []


Overfull \hbox (49.99347pt too wide) in paragraph at lines 1794--1794
[]\T1/lmtt/m/n/10 ## <tr><td style="text-align:left"></td><td>(40,497.790)</td>
<td>(0.095)</td><td>(30.644)</td></tr>[] 
 []


Overfull \hbox (354.49258pt too wide) in paragraph at lines 1794--1794
[]\T1/lmtt/m/n/10 ## <tr><td style="text-align:left">MapLabelHillsdale</td><td>
-141,207.400<sup>***</sup></td><td>-0.344<sup>***</sup></td><td>-116.365<sup>**
*</sup></td></tr>[] 
 []


Overfull \hbox (49.99347pt too wide) in paragraph at lines 1794--1794
[]\T1/lmtt/m/n/10 ## <tr><td style="text-align:left"></td><td>(19,052.100)</td>
<td>(0.045)</td><td>(14.416)</td></tr>[] 
 []


Overfull \hbox (265.24284pt too wide) in paragraph at lines 1794--1794
[]\T1/lmtt/m/n/10 ## <tr><td style="text-align:left">MapLabelHillside</td><td>-
39,427.070</td><td>-0.260<sup>***</sup></td><td>-62.807<sup>***</sup></td></tr>
[] 
 []


Overfull \hbox (49.99347pt too wide) in paragraph at lines 1794--1794
[]\T1/lmtt/m/n/10 ## <tr><td style="text-align:left"></td><td>(28,100.740)</td>
<td>(0.066)</td><td>(21.263)</td></tr>[] 
 []


Overfull \hbox (233.74294pt too wide) in paragraph at lines 1794--1794
[]\T1/lmtt/m/n/10 ## <tr><td style="text-align:left">MapLabelHollywood</td><td>
37,772.070</td><td>0.102<sup>*</sup></td><td>32.865<sup>*</sup></td></tr>[] 
 []


Overfull \hbox (49.99347pt too wide) in paragraph at lines 1794--1794
[]\T1/lmtt/m/n/10 ## <tr><td style="text-align:left"></td><td>(24,164.860)</td>
<td>(0.057)</td><td>(18.285)</td></tr>[] 
 []


Overfull \hbox (354.49258pt too wide) in paragraph at lines 1794--1794
[]\T1/lmtt/m/n/10 ## <tr><td style="text-align:left">MapLabelHomestead</td><td>
-213,267.200<sup>***</sup></td><td>-0.485<sup>***</sup></td><td>-168.448<sup>**
*</sup></td></tr>[] 
 []


Overfull \hbox (49.99347pt too wide) in paragraph at lines 1794--1794
[]\T1/lmtt/m/n/10 ## <tr><td style="text-align:left"></td><td>(33,148.940)</td>
<td>(0.078)</td><td>(25.083)</td></tr>[] 
 []


Overfull \hbox (375.49252pt too wide) in paragraph at lines 1794--1794
[]\T1/lmtt/m/n/10 ## <tr><td style="text-align:left">MapLabelHosford-Abernethy 
Neighborhood District Assn.</td><td>-26,344.980<sup>*</sup></td><td>-0.038</td>
<td>-17.466</td></tr>[] 
 []


Overfull \hbox (49.99347pt too wide) in paragraph at lines 1794--1794
[]\T1/lmtt/m/n/10 ## <tr><td style="text-align:left"></td><td>(15,856.120)</td>
<td>(0.037)</td><td>(11.998)</td></tr>[] 
 []

[25]
Overfull \hbox (107.7433pt too wide) in paragraph at lines 1794--1794
[]\T1/lmtt/m/n/10 ## <tr><td style="text-align:left">MapLabelHumboldt</td><td>-
14,894.310</td><td>0.007</td><td>-3.869</td></tr>[] 
 []


Overfull \hbox (49.99347pt too wide) in paragraph at lines 1794--1794
[]\T1/lmtt/m/n/10 ## <tr><td style="text-align:left"></td><td>(21,901.230)</td>
<td>(0.051)</td><td>(16.572)</td></tr>[] 
 []


Overfull \hbox (291.49277pt too wide) in paragraph at lines 1794--1794
[]\T1/lmtt/m/n/10 ## <tr><td style="text-align:left">MapLabelIrvington Communit
y Association</td><td>27,245.900<sup>**</sup></td><td>0.012</td><td>11.986</td>
</tr>[] 
 []


Overfull \hbox (44.74348pt too wide) in paragraph at lines 1794--1794
[]\T1/lmtt/m/n/10 ## <tr><td style="text-align:left"></td><td>(11,847.980)</td>
<td>(0.028)</td><td>(8.965)</td></tr>[] 
 []


Overfull \hbox (107.7433pt too wide) in paragraph at lines 1794--1794
[]\T1/lmtt/m/n/10 ## <tr><td style="text-align:left">MapLabelKenton</td><td>-38
,853.730</td><td>-0.020</td><td>-20.791</td></tr>[] 
 []


Overfull \hbox (49.99347pt too wide) in paragraph at lines 1794--1794
[]\T1/lmtt/m/n/10 ## <tr><td style="text-align:left"></td><td>(24,716.390)</td>
<td>(0.058)</td><td>(18.702)</td></tr>[] 
 []


Overfull \hbox (102.49332pt too wide) in paragraph at lines 1794--1794
[]\T1/lmtt/m/n/10 ## <tr><td style="text-align:left">MapLabelKerns</td><td>-28,
755.030</td><td>-0.039</td><td>-18.188</td></tr>[] 
 []


Overfull \hbox (49.99347pt too wide) in paragraph at lines 1794--1794
[]\T1/lmtt/m/n/10 ## <tr><td style="text-align:left"></td><td>(26,922.600)</td>
<td>(0.063)</td><td>(20.372)</td></tr>[] 
 []


Overfull \hbox (317.74269pt too wide) in paragraph at lines 1794--1794
[]\T1/lmtt/m/n/10 ## <tr><td style="text-align:left">MapLabelKing</td><td>-81,8
11.910<sup>***</sup></td><td>-0.121<sup>***</sup></td><td>-53.335<sup>***</sup>
</td></tr>[] 
 []


Overfull \hbox (49.99347pt too wide) in paragraph at lines 1794--1794
[]\T1/lmtt/m/n/10 ## <tr><td style="text-align:left"></td><td>(17,404.550)</td>
<td>(0.041)</td><td>(13.170)</td></tr>[] 
 []


Overfull \hbox (338.74263pt too wide) in paragraph at lines 1794--1794
[]\T1/lmtt/m/n/10 ## <tr><td style="text-align:left">MapLabelLaurelhurst</td><t
d>40,347.170<sup>***</sup></td><td>0.083<sup>***</sup></td><td>30.272<sup>***</
sup></td></tr>[] 
 []


Overfull \hbox (44.74348pt too wide) in paragraph at lines 1794--1794
[]\T1/lmtt/m/n/10 ## <tr><td style="text-align:left"></td><td>(10,092.410)</td>
<td>(0.024)</td><td>(7.637)</td></tr>[] 
 []


Overfull \hbox (333.49265pt too wide) in paragraph at lines 1794--1794
[]\T1/lmtt/m/n/10 ## <tr><td style="text-align:left">MapLabelLents</td><td>-163
,945.900<sup>***</sup></td><td>-0.403<sup>***</sup></td><td>-136.847<sup>***</s
up></td></tr>[] 
 []


Overfull \hbox (49.99347pt too wide) in paragraph at lines 1794--1794
[]\T1/lmtt/m/n/10 ## <tr><td style="text-align:left"></td><td>(15,176.010)</td>
<td>(0.036)</td><td>(11.483)</td></tr>[] 
 []


Overfull \hbox (343.99261pt too wide) in paragraph at lines 1794--1794
[]\T1/lmtt/m/n/10 ## <tr><td style="text-align:left">MapLabelLinnton</td><td>-1
81,173.700<sup>***</sup></td><td>-0.380<sup>***</sup></td><td>-138.088<sup>***<
/sup></td></tr>[] 
 []


Overfull \hbox (49.99347pt too wide) in paragraph at lines 1794--1794
[]\T1/lmtt/m/n/10 ## <tr><td style="text-align:left"></td><td>(32,281.390)</td>
<td>(0.076)</td><td>(24.427)</td></tr>[] 
 []


Overfull \hbox (370.24254pt too wide) in paragraph at lines 1794--1794
[]\T1/lmtt/m/n/10 ## <tr><td style="text-align:left">MapLabelMadison South</td>
<td>-119,663.500<sup>***</sup></td><td>-0.267<sup>***</sup></td><td>-95.361<sup
>***</sup></td></tr>[] 
 []


Overfull \hbox (44.74348pt too wide) in paragraph at lines 1794--1794
[]\T1/lmtt/m/n/10 ## <tr><td style="text-align:left"></td><td>(13,110.110)</td>
<td>(0.031)</td><td>(9.920)</td></tr>[] 
 []


Overfull \hbox (354.49258pt too wide) in paragraph at lines 1794--1794
[]\T1/lmtt/m/n/10 ## <tr><td style="text-align:left">MapLabelMaplewood</td><td>
-135,515.600<sup>***</sup></td><td>-0.297<sup>***</sup></td><td>-106.177<sup>**
*</sup></td></tr>[] 
 []


Overfull \hbox (49.99347pt too wide) in paragraph at lines 1794--1794
[]\T1/lmtt/m/n/10 ## <tr><td style="text-align:left"></td><td>(19,794.900)</td>
<td>(0.046)</td><td>(14.978)</td></tr>[] 
 []


Overfull \hbox (343.99261pt too wide) in paragraph at lines 1794--1794
[]\T1/lmtt/m/n/10 ## <tr><td style="text-align:left">MapLabelMarkham</td><td>-1
90,700.300<sup>***</sup></td><td>-0.415<sup>***</sup></td><td>-149.587<sup>***<
/sup></td></tr>[] 
 []


Overfull \hbox (49.99347pt too wide) in paragraph at lines 1794--1794
[]\T1/lmtt/m/n/10 ## <tr><td style="text-align:left"></td><td>(19,457.480)</td>
<td>(0.046)</td><td>(14.723)</td></tr>[] 
 []


Overfull \hbox (375.49252pt too wide) in paragraph at lines 1794--1794
[]\T1/lmtt/m/n/10 ## <tr><td style="text-align:left">MapLabelMarshall Park</td>
<td>-145,140.800<sup>***</sup></td><td>-0.328<sup>***</sup></td><td>-115.331<su
p>***</sup></td></tr>[] 
 []


Overfull \hbox (49.99347pt too wide) in paragraph at lines 1794--1794
[]\T1/lmtt/m/n/10 ## <tr><td style="text-align:left"></td><td>(21,062.380)</td>
<td>(0.049)</td><td>(15.937)</td></tr>[] 
 []


Overfull \hbox (275.74281pt too wide) in paragraph at lines 1794--1794
[]\T1/lmtt/m/n/10 ## <tr><td style="text-align:left">MapLabelMC Unclaimed</td><
td>-142,772.700</td><td>-0.375<sup>*</sup></td><td>-124.953<sup>*</sup></td></t
r>[] 
 []


Overfull \hbox (49.99347pt too wide) in paragraph at lines 1794--1794
[]\T1/lmtt/m/n/10 ## <tr><td style="text-align:left"></td><td>(93,255.250)</td>
<td>(0.218)</td><td>(70.564)</td></tr>[] 
 []


Overfull \hbox (354.49258pt too wide) in paragraph at lines 1794--1794
[]\T1/lmtt/m/n/10 ## <tr><td style="text-align:left">MapLabelMill Park</td><td>
-168,293.600<sup>***</sup></td><td>-0.433<sup>***</sup></td><td>-143.164<sup>**
*</sup></td></tr>[] 
 []


Overfull \hbox (49.99347pt too wide) in paragraph at lines 1794--1794
[]\T1/lmtt/m/n/10 ## <tr><td style="text-align:left"></td><td>(17,217.820)</td>
<td>(0.040)</td><td>(13.028)</td></tr>[] 
 []


Overfull \hbox (349.2426pt too wide) in paragraph at lines 1794--1794
[]\T1/lmtt/m/n/10 ## <tr><td style="text-align:left">MapLabelMontavilla</td><td
>-93,566.880<sup>***</sup></td><td>-0.191<sup>***</sup></td><td>-71.373<sup>***
</sup></td></tr>[] 
 []


Overfull \hbox (44.74348pt too wide) in paragraph at lines 1794--1794
[]\T1/lmtt/m/n/10 ## <tr><td style="text-align:left"></td><td>(12,546.910)</td>
<td>(0.029)</td><td>(9.494)</td></tr>[] 
 []


Overfull \hbox (385.9925pt too wide) in paragraph at lines 1794--1794
[]\T1/lmtt/m/n/10 ## <tr><td style="text-align:left">MapLabelMt. Scott-Arleta</
td><td>-112,631.800<sup>***</sup></td><td>-0.193<sup>***</sup></td><td>-80.785<
sup>***</sup></td></tr>[] 
 []


Overfull \hbox (49.99347pt too wide) in paragraph at lines 1794--1794
[]\T1/lmtt/m/n/10 ## <tr><td style="text-align:left"></td><td>(16,023.690)</td>
<td>(0.038)</td><td>(12.125)</td></tr>[] 
 []


Overfull \hbox (170.74312pt too wide) in paragraph at lines 1794--1794
[]\T1/lmtt/m/n/10 ## <tr><td style="text-align:left">MapLabelMt. Tabor</td><td>
12,612.040</td><td>0.058<sup>*</sup></td><td>14.642</td></tr>[] 
 []


Overfull \hbox (49.99347pt too wide) in paragraph at lines 1794--1794
[]\T1/lmtt/m/n/10 ## <tr><td style="text-align:left"></td><td>(13,582.510)</td>
<td>(0.032)</td><td>(10.278)</td></tr>[] 
 []


Overfull \hbox (354.49258pt too wide) in paragraph at lines 1794--1794
[]\T1/lmtt/m/n/10 ## <tr><td style="text-align:left">MapLabelMultnomah</td><td>
-144,473.100<sup>***</sup></td><td>-0.328<sup>***</sup></td><td>-115.239<sup>**
*</sup></td></tr>[] 
 []


Overfull \hbox (49.99347pt too wide) in paragraph at lines 1794--1794
[]\T1/lmtt/m/n/10 ## <tr><td style="text-align:left"></td><td>(18,939.960)</td>
<td>(0.044)</td><td>(14.331)</td></tr>[] 
 []

[26]
Overfull \hbox (354.49258pt too wide) in paragraph at lines 1794--1794
[]\T1/lmtt/m/n/10 ## <tr><td style="text-align:left">MapLabelNorth Tabor</td><t
d>-66,678.040<sup>***</sup></td><td>-0.091<sup>***</sup></td><td>-43.132<sup>**
*</sup></td></tr>[] 
 []


Overfull \hbox (49.99347pt too wide) in paragraph at lines 1794--1794
[]\T1/lmtt/m/n/10 ## <tr><td style="text-align:left"></td><td>(14,419.540)</td>
<td>(0.034)</td><td>(10.911)</td></tr>[] 
 []


Overfull \hbox (296.74275pt too wide) in paragraph at lines 1794--1794
[]\T1/lmtt/m/n/10 ## <tr><td style="text-align:left">MapLabelNorthwest District
 Association</td><td>76,386.840<sup>***</sup></td><td>-0.068</td><td>16.290</td
></tr>[] 
 []


Overfull \hbox (49.99347pt too wide) in paragraph at lines 1794--1794
[]\T1/lmtt/m/n/10 ## <tr><td style="text-align:left"></td><td>(29,235.280)</td>
<td>(0.068)</td><td>(22.122)</td></tr>[] 
 []


Overfull \hbox (375.49252pt too wide) in paragraph at lines 1794--1794
[]\T1/lmtt/m/n/10 ## <tr><td style="text-align:left">MapLabelNorthwest Heights<
/td><td>-43,922.410<sup>*</sup></td><td>-0.223<sup>***</sup></td><td>-55.870<su
p>***</sup></td></tr>[] 
 []


Overfull \hbox (49.99347pt too wide) in paragraph at lines 1794--1794
[]\T1/lmtt/m/n/10 ## <tr><td style="text-align:left"></td><td>(25,923.850)</td>
<td>(0.061)</td><td>(19.616)</td></tr>[] 
 []


Overfull \hbox (97.24333pt too wide) in paragraph at lines 1794--1794
[]\T1/lmtt/m/n/10 ## <tr><td style="text-align:left">MapLabelOverlook</td><td>3
,727.348</td><td>0.050</td><td>10.265</td></tr>[] 
 []


Overfull \hbox (49.99347pt too wide) in paragraph at lines 1794--1794
[]\T1/lmtt/m/n/10 ## <tr><td style="text-align:left"></td><td>(22,737.700)</td>
<td>(0.053)</td><td>(17.205)</td></tr>[] 
 []


Overfull \hbox (349.2426pt too wide) in paragraph at lines 1794--1794
[]\T1/lmtt/m/n/10 ## <tr><td style="text-align:left">MapLabelParkrose</td><td>-
197,363.800<sup>***</sup></td><td>-0.494<sup>***</sup></td><td>-166.628<sup>***
</sup></td></tr>[] 
 []


Overfull \hbox (49.99347pt too wide) in paragraph at lines 1794--1794
[]\T1/lmtt/m/n/10 ## <tr><td style="text-align:left"></td><td>(21,313.920)</td>
<td>(0.050)</td><td>(16.128)</td></tr>[] 
 []


Overfull \hbox (522.4921pt too wide) in paragraph at lines 1794--1794
[]\T1/lmtt/m/n/10 ## <tr><td style="text-align:left">MapLabelParkrose Heights A
ssociation of Neighbors</td><td>-193,427.100<sup>***</sup></td><td>-0.479<sup>*
**</sup></td><td>-161.972<sup>***</sup></td></tr>[] 
 []


Overfull \hbox (49.99347pt too wide) in paragraph at lines 1794--1794
[]\T1/lmtt/m/n/10 ## <tr><td style="text-align:left"></td><td>(20,637.080)</td>
<td>(0.048)</td><td>(15.616)</td></tr>[] 
 []


Overfull \hbox (181.24309pt too wide) in paragraph at lines 1794--1794
[]\T1/lmtt/m/n/10 ## <tr><td style="text-align:left">MapLabelPiedmont</td><td>-
39,930.780<sup>*</sup></td><td>-0.034</td><td>-22.702</td></tr>[] 
 []


Overfull \hbox (49.99347pt too wide) in paragraph at lines 1794--1794
[]\T1/lmtt/m/n/10 ## <tr><td style="text-align:left"></td><td>(21,646.600)</td>
<td>(0.051)</td><td>(16.379)</td></tr>[] 
 []


Overfull \hbox (385.9925pt too wide) in paragraph at lines 1794--1794
[]\T1/lmtt/m/n/10 ## <tr><td style="text-align:left">MapLabelPleasant Valley</t
d><td>-150,908.000<sup>***</sup></td><td>-0.327<sup>***</sup></td><td>-117.878<
sup>***</sup></td></tr>[] 
 []


Overfull \hbox (49.99347pt too wide) in paragraph at lines 1794--1794
[]\T1/lmtt/m/n/10 ## <tr><td style="text-align:left"></td><td>(18,335.800)</td>
<td>(0.043)</td><td>(13.874)</td></tr>[] 
 []


Overfull \hbox (128.74324pt too wide) in paragraph at lines 1794--1794
[]\T1/lmtt/m/n/10 ## <tr><td style="text-align:left">MapLabelPortsmouth</td><td
>-36,937.430</td><td>-0.024</td><td>-21.192</td></tr>[] 
 []


Overfull \hbox (49.99347pt too wide) in paragraph at lines 1794--1794
[]\T1/lmtt/m/n/10 ## <tr><td style="text-align:left"></td><td>(25,959.660)</td>
<td>(0.061)</td><td>(19.643)</td></tr>[] 
 []


Overfull \hbox (406.99243pt too wide) in paragraph at lines 1794--1794
[]\T1/lmtt/m/n/10 ## <tr><td style="text-align:left">MapLabelPowellhurst-Gilber
t</td><td>-161,288.600<sup>***</sup></td><td>-0.433<sup>***</sup></td><td>-140.
169<sup>***</sup></td></tr>[] 
 []


Overfull \hbox (49.99347pt too wide) in paragraph at lines 1794--1794
[]\T1/lmtt/m/n/10 ## <tr><td style="text-align:left"></td><td>(17,561.050)</td>
<td>(0.041)</td><td>(13.288)</td></tr>[] 
 []


Overfull \hbox (307.24272pt too wide) in paragraph at lines 1794--1794
[]\T1/lmtt/m/n/10 ## <tr><td style="text-align:left">MapLabelReed</td><td>-69,2
27.730<sup>***</sup></td><td>-0.072<sup>*</sup></td><td>-40.958<sup>***</sup></
td></tr>[] 
 []


Overfull \hbox (49.99347pt too wide) in paragraph at lines 1794--1794
[]\T1/lmtt/m/n/10 ## <tr><td style="text-align:left"></td><td>(18,100.240)</td>
<td>(0.042)</td><td>(13.696)</td></tr>[] 
 []


Overfull \hbox (181.24309pt too wide) in paragraph at lines 1794--1794
[]\T1/lmtt/m/n/10 ## <tr><td style="text-align:left">MapLabelRichmond</td><td>-
27,709.840<sup>*</sup></td><td>-0.011</td><td>-13.189</td></tr>[] 
 []


Overfull \hbox (49.99347pt too wide) in paragraph at lines 1794--1794
[]\T1/lmtt/m/n/10 ## <tr><td style="text-align:left"></td><td>(14,177.290)</td>
<td>(0.033)</td><td>(10.728)</td></tr>[] 
 []


Overfull \hbox (296.74275pt too wide) in paragraph at lines 1794--1794
[]\T1/lmtt/m/n/10 ## <tr><td style="text-align:left">MapLabelRose City Park</td
><td>-44,193.890<sup>***</sup></td><td>-0.032</td><td>-22.917<sup>***</sup></td
></tr>[] 
 []


Overfull \hbox (39.4935pt too wide) in paragraph at lines 1794--1794
[]\T1/lmtt/m/n/10 ## <tr><td style="text-align:left"></td><td>(9,576.258)</td><
td>(0.022)</td><td>(7.246)</td></tr>[] 
 []


Overfull \hbox (333.49265pt too wide) in paragraph at lines 1794--1794
[]\T1/lmtt/m/n/10 ## <tr><td style="text-align:left">MapLabelRoseway</td><td>-7
2,156.590<sup>***</sup></td><td>-0.119<sup>***</sup></td><td>-49.981<sup>***</s
up></td></tr>[] 
 []


Overfull \hbox (44.74348pt too wide) in paragraph at lines 1794--1794
[]\T1/lmtt/m/n/10 ## <tr><td style="text-align:left"></td><td>(12,158.150)</td>
<td>(0.028)</td><td>(9.200)</td></tr>[] 
 []


Overfull \hbox (343.99261pt too wide) in paragraph at lines 1794--1794
[]\T1/lmtt/m/n/10 ## <tr><td style="text-align:left">MapLabelRussell</td><td>-1
72,350.900<sup>***</sup></td><td>-0.417<sup>***</sup></td><td>-142.599<sup>***<
/sup></td></tr>[] 
 []


Overfull \hbox (49.99347pt too wide) in paragraph at lines 1794--1794
[]\T1/lmtt/m/n/10 ## <tr><td style="text-align:left"></td><td>(20,784.890)</td>
<td>(0.049)</td><td>(15.727)</td></tr>[] 
 []


Overfull \hbox (207.49301pt too wide) in paragraph at lines 1794--1794
[]\T1/lmtt/m/n/10 ## <tr><td style="text-align:left">MapLabelSabin Community As
sociation</td><td>-8,658.893</td><td>-0.012</td><td>-5.684</td></tr>[] 
 []


Overfull \hbox (44.74348pt too wide) in paragraph at lines 1794--1794
[]\T1/lmtt/m/n/10 ## <tr><td style="text-align:left"></td><td>(10,800.920)</td>
<td>(0.025)</td><td>(8.173)</td></tr>[] 
 []


Overfull \hbox (265.24284pt too wide) in paragraph at lines 1794--1794
[]\T1/lmtt/m/n/10 ## <tr><td style="text-align:left">MapLabelSellwood-Moreland 
Improvement League</td><td>-21,968.870</td><td>-0.006</td><td>-10.222</td></tr>
[] 
 []


Overfull \hbox (49.99347pt too wide) in paragraph at lines 1794--1794
[]\T1/lmtt/m/n/10 ## <tr><td style="text-align:left"></td><td>(15,405.950)</td>
<td>(0.036)</td><td>(11.657)</td></tr>[] 
 []


Overfull \hbox (391.24248pt too wide) in paragraph at lines 1794--1794
[]\T1/lmtt/m/n/10 ## <tr><td style="text-align:left">MapLabelSouth Burlingame</
td><td>-162,577.200<sup>***</sup></td><td>-0.370<sup>***</sup></td><td>-129.677
<sup>***</sup></td></tr>[] 
 []


Overfull \hbox (49.99347pt too wide) in paragraph at lines 1794--1794
[]\T1/lmtt/m/n/10 ## <tr><td style="text-align:left"></td><td>(20,253.920)</td>
<td>(0.047)</td><td>(15.326)</td></tr>[] 
 []

[27]
Overfull \hbox (370.24254pt too wide) in paragraph at lines 1794--1794
[]\T1/lmtt/m/n/10 ## <tr><td style="text-align:left">MapLabelSouth Portland</td
><td>-71,414.240<sup>***</sup></td><td>-0.215<sup>***</sup></td><td>-66.548<sup
>***</sup></td></tr>[] 
 []


Overfull \hbox (49.99347pt too wide) in paragraph at lines 1794--1794
[]\T1/lmtt/m/n/10 ## <tr><td style="text-align:left"></td><td>(22,182.740)</td>
<td>(0.052)</td><td>(16.785)</td></tr>[] 
 []


Overfull \hbox (349.2426pt too wide) in paragraph at lines 1794--1794
[]\T1/lmtt/m/n/10 ## <tr><td style="text-align:left">MapLabelSouth Tabor</td><t
d>-72,139.610<sup>***</sup></td><td>-0.083<sup>**</sup></td><td>-44.922<sup>***
</sup></td></tr>[] 
 []


Overfull \hbox (49.99347pt too wide) in paragraph at lines 1794--1794
[]\T1/lmtt/m/n/10 ## <tr><td style="text-align:left"></td><td>(15,028.560)</td>
<td>(0.035)</td><td>(11.372)</td></tr>[] 
 []


Overfull \hbox (469.99225pt too wide) in paragraph at lines 1794--1794
[]\T1/lmtt/m/n/10 ## <tr><td style="text-align:left">MapLabelSouthwest Hills Re
sidential League</td><td>-57,509.150<sup>**</sup></td><td>-0.270<sup>***</sup><
/td><td>-71.432<sup>***</sup></td></tr>[] 
 []


Overfull \hbox (49.99347pt too wide) in paragraph at lines 1794--1794
[]\T1/lmtt/m/n/10 ## <tr><td style="text-align:left"></td><td>(25,354.220)</td>
<td>(0.059)</td><td>(19.185)</td></tr>[] 
 []


Overfull \hbox (123.49326pt too wide) in paragraph at lines 1794--1794
[]\T1/lmtt/m/n/10 ## <tr><td style="text-align:left">MapLabelSt. Johns</td><td>
-25,685.170</td><td>-0.020</td><td>-15.808</td></tr>[] 
 []


Overfull \hbox (49.99347pt too wide) in paragraph at lines 1794--1794
[]\T1/lmtt/m/n/10 ## <tr><td style="text-align:left"></td><td>(26,001.210)</td>
<td>(0.061)</td><td>(19.675)</td></tr>[] 
 []


Overfull \hbox (380.74251pt too wide) in paragraph at lines 1794--1794
[]\T1/lmtt/m/n/10 ## <tr><td style="text-align:left">MapLabelSullivan\TS1/lmtt/
m/n/10 '\T1/lmtt/m/n/10 s Gulch</td><td>-106,992.600<sup>***</sup></td><td>-0.1
24<sup>**</sup></td><td>-63.692<sup>***</sup></td></tr>[] 
 []


Overfull \hbox (49.99347pt too wide) in paragraph at lines 1794--1794
[]\T1/lmtt/m/n/10 ## <tr><td style="text-align:left"></td><td>(23,143.750)</td>
<td>(0.054)</td><td>(17.512)</td></tr>[] 
 []


Overfull \hbox (469.99225pt too wide) in paragraph at lines 1794--1794
[]\T1/lmtt/m/n/10 ## <tr><td style="text-align:left">MapLabelSumner Association
 of Neighbors</td><td>-186,990.900<sup>***</sup></td><td>-0.480<sup>***</sup></
td><td>-159.562<sup>***</sup></td></tr>[] 
 []


Overfull \hbox (49.99347pt too wide) in paragraph at lines 1794--1794
[]\T1/lmtt/m/n/10 ## <tr><td style="text-align:left"></td><td>(23,986.460)</td>
<td>(0.056)</td><td>(18.150)</td></tr>[] 
 []


Overfull \hbox (485.7422pt too wide) in paragraph at lines 1794--1794
[]\T1/lmtt/m/n/10 ## <tr><td style="text-align:left">MapLabelSunderland Associa
tion of Neighbors</td><td>-142,021.800<sup>**</sup></td><td>-0.420<sup>***</sup
></td><td>-131.646<sup>***</sup></td></tr>[] 
 []


Overfull \hbox (49.99347pt too wide) in paragraph at lines 1794--1794
[]\T1/lmtt/m/n/10 ## <tr><td style="text-align:left"></td><td>(61,416.740)</td>
<td>(0.144)</td><td>(46.473)</td></tr>[] 
 []


Overfull \hbox (112.99329pt too wide) in paragraph at lines 1794--1794
[]\T1/lmtt/m/n/10 ## <tr><td style="text-align:left">MapLabelSunnyside</td><td>
-16,774.620</td><td>0.025</td><td>-2.681</td></tr>[] 
 []


Overfull \hbox (49.99347pt too wide) in paragraph at lines 1794--1794
[]\T1/lmtt/m/n/10 ## <tr><td style="text-align:left"></td><td>(15,981.380)</td>
<td>(0.037)</td><td>(12.093)</td></tr>[] 
 []


Overfull \hbox (391.24248pt too wide) in paragraph at lines 1794--1794
[]\T1/lmtt/m/n/10 ## <tr><td style="text-align:left">MapLabelSylvan-Highlands</
td><td>-148,422.700<sup>***</sup></td><td>-0.362<sup>***</sup></td><td>-121.913
<sup>***</sup></td></tr>[] 
 []


Overfull \hbox (49.99347pt too wide) in paragraph at lines 1794--1794
[]\T1/lmtt/m/n/10 ## <tr><td style="text-align:left"></td><td>(28,329.780)</td>
<td>(0.066)</td><td>(21.436)</td></tr>[] 
 []


Overfull \hbox (139.24321pt too wide) in paragraph at lines 1794--1794
[]\T1/lmtt/m/n/10 ## <tr><td style="text-align:left">MapLabelUniversity Park</t
d><td>-1,634.681</td><td>0.076</td><td>11.156</td></tr>[] 
 []


Overfull \hbox (49.99347pt too wide) in paragraph at lines 1794--1794
[]\T1/lmtt/m/n/10 ## <tr><td style="text-align:left"></td><td>(26,033.420)</td>
<td>(0.061)</td><td>(19.699)</td></tr>[] 
 []


Overfull \hbox (91.99335pt too wide) in paragraph at lines 1794--1794
[]\T1/lmtt/m/n/10 ## <tr><td style="text-align:left">MapLabelVernon</td><td>-4,
450.563</td><td>0.005</td><td>-0.886</td></tr>[] 
 []


Overfull \hbox (49.99347pt too wide) in paragraph at lines 1794--1794
[]\T1/lmtt/m/n/10 ## <tr><td style="text-align:left"></td><td>(19,177.950)</td>
<td>(0.045)</td><td>(14.512)</td></tr>[] 
 []


Overfull \hbox (401.74245pt too wide) in paragraph at lines 1794--1794
[]\T1/lmtt/m/n/10 ## <tr><td style="text-align:left">MapLabelWest Portland Park
</td><td>-179,388.600<sup>***</sup></td><td>-0.407<sup>***</sup></td><td>-143.7
37<sup>***</sup></td></tr>[] 
 []


Overfull \hbox (49.99347pt too wide) in paragraph at lines 1794--1794
[]\T1/lmtt/m/n/10 ## <tr><td style="text-align:left"></td><td>(19,364.850)</td>
<td>(0.045)</td><td>(14.653)</td></tr>[] 
 []


Overfull \hbox (422.74239pt too wide) in paragraph at lines 1794--1794
[]\T1/lmtt/m/n/10 ## <tr><td style="text-align:left">MapLabelWilkes Community G
roup</td><td>-180,145.000<sup>***</sup></td><td>-0.415<sup>***</sup></td><td>-1
45.426<sup>***</sup></td></tr>[] 
 []


Overfull \hbox (49.99347pt too wide) in paragraph at lines 1794--1794
[]\T1/lmtt/m/n/10 ## <tr><td style="text-align:left"></td><td>(21,831.970)</td>
<td>(0.051)</td><td>(16.520)</td></tr>[] 
 []


Overfull \hbox (375.49252pt too wide) in paragraph at lines 1794--1794
[]\T1/lmtt/m/n/10 ## <tr><td style="text-align:left">MapLabelWoodland Park</td>
<td>-186,887.400<sup>***</sup></td><td>-0.500<sup>***</sup></td><td>-163.897<su
p>***</sup></td></tr>[] 
 []


Overfull \hbox (49.99347pt too wide) in paragraph at lines 1794--1794
[]\T1/lmtt/m/n/10 ## <tr><td style="text-align:left"></td><td>(28,670.200)</td>
<td>(0.067)</td><td>(21.694)</td></tr>[] 
 []


Overfull \hbox (249.49289pt too wide) in paragraph at lines 1794--1794
[]\T1/lmtt/m/n/10 ## <tr><td style="text-align:left">MapLabelWoodlawn</td><td>-
45,360.250<sup>**</sup></td><td>-0.055</td><td>-28.101<sup>*</sup></td></tr>[] 

 []


Overfull \hbox (49.99347pt too wide) in paragraph at lines 1794--1794
[]\T1/lmtt/m/n/10 ## <tr><td style="text-align:left"></td><td>(19,743.260)</td>
<td>(0.046)</td><td>(14.939)</td></tr>[] 
 []


Overfull \hbox (343.99261pt too wide) in paragraph at lines 1794--1794
[]\T1/lmtt/m/n/10 ## <tr><td style="text-align:left">MapLabelWoodstock</td><td>
-74,500.240<sup>***</sup></td><td>-0.099<sup>***</sup></td><td>-48.197<sup>***<
/sup></td></tr>[] 
 []


Overfull \hbox (49.99347pt too wide) in paragraph at lines 1794--1794
[]\T1/lmtt/m/n/10 ## <tr><td style="text-align:left"></td><td>(16,273.220)</td>
<td>(0.038)</td><td>(12.314)</td></tr>[] 
 []


Overfull \hbox (359.74257pt too wide) in paragraph at lines 1794--1794
[]\T1/lmtt/m/n/10 ## <tr><td style="text-align:left">HIGH_SCHCLEVELAND HS</td><
td>-41,788.390<sup>***</sup></td><td>-0.155<sup>***</sup></td><td>-43.218<sup>*
**</sup></td></tr>[] 
 []


Overfull \hbox (49.99347pt too wide) in paragraph at lines 1794--1794
[]\T1/lmtt/m/n/10 ## <tr><td style="text-align:left"></td><td>(14,927.750)</td>
<td>(0.035)</td><td>(11.295)</td></tr>[] 
 []


Overfull \hbox (380.74251pt too wide) in paragraph at lines 1794--1794
[]\T1/lmtt/m/n/10 ## <tr><td style="text-align:left">HIGH_SCHDAVID DOUGLAS HS</
td><td>-39,064.950<sup>***</sup></td><td>-0.118<sup>***</sup></td><td>-36.669<s
up>***</sup></td></tr>[] 
 []


Overfull \hbox (39.4935pt too wide) in paragraph at lines 1794--1794
[]\T1/lmtt/m/n/10 ## <tr><td style="text-align:left"></td><td>(9,155.129)</td><
td>(0.021)</td><td>(6.927)</td></tr>[] 
 []

[28]
Overfull \hbox (354.49258pt too wide) in paragraph at lines 1794--1794
[]\T1/lmtt/m/n/10 ## <tr><td style="text-align:left">HIGH_SCHFRANKLIN HS</td><t
d>-47,439.140<sup>***</sup></td><td>-0.165<sup>***</sup></td><td>-47.236<sup>**
*</sup></td></tr>[] 
 []


Overfull \hbox (49.99347pt too wide) in paragraph at lines 1794--1794
[]\T1/lmtt/m/n/10 ## <tr><td style="text-align:left"></td><td>(13,538.480)</td>
<td>(0.032)</td><td>(10.244)</td></tr>[] 
 []


Overfull \hbox (254.74287pt too wide) in paragraph at lines 1794--1794
[]\T1/lmtt/m/n/10 ## <tr><td style="text-align:left">HIGH_SCHGRANT HS</td><td>-
11,066.460</td><td>-0.108<sup>***</sup></td><td>-23.228<sup>*</sup></td></tr>[]
 
 []


Overfull \hbox (49.99347pt too wide) in paragraph at lines 1794--1794
[]\T1/lmtt/m/n/10 ## <tr><td style="text-align:left"></td><td>(15,973.430)</td>
<td>(0.037)</td><td>(12.087)</td></tr>[] 
 []


Overfull \hbox (349.2426pt too wide) in paragraph at lines 1794--1794
[]\T1/lmtt/m/n/10 ## <tr><td style="text-align:left">HIGH_SCHGRANT-JEFF</td><td
>-77,399.460<sup>***</sup></td><td>-0.263<sup>***</sup></td><td>-75.673<sup>***
</sup></td></tr>[] 
 []


Overfull \hbox (49.99347pt too wide) in paragraph at lines 1794--1794
[]\T1/lmtt/m/n/10 ## <tr><td style="text-align:left"></td><td>(23,734.010)</td>
<td>(0.056)</td><td>(17.959)</td></tr>[] 
 []


Overfull \hbox (328.24266pt too wide) in paragraph at lines 1794--1794
[]\T1/lmtt/m/n/10 ## <tr><td style="text-align:left">HIGH_SCHLINCOLN HS</td><td
>70,099.570<sup>***</sup></td><td>0.097<sup>**</sup></td><td>43.889<sup>***</su
p></td></tr>[] 
 []


Overfull \hbox (49.99347pt too wide) in paragraph at lines 1794--1794
[]\T1/lmtt/m/n/10 ## <tr><td style="text-align:left"></td><td>(16,872.100)</td>
<td>(0.039)</td><td>(12.767)</td></tr>[] 
 []


Overfull \hbox (349.2426pt too wide) in paragraph at lines 1794--1794
[]\T1/lmtt/m/n/10 ## <tr><td style="text-align:left">HIGH_SCHMADISON HS</td><td
>-85,109.550<sup>***</sup></td><td>-0.247<sup>***</sup></td><td>-76.914<sup>***
</sup></td></tr>[] 
 []


Overfull \hbox (49.99347pt too wide) in paragraph at lines 1794--1794
[]\T1/lmtt/m/n/10 ## <tr><td style="text-align:left"></td><td>(14,766.960)</td>
<td>(0.035)</td><td>(11.174)</td></tr>[] 
 []


Overfull \hbox (359.74257pt too wide) in paragraph at lines 1794--1794
[]\T1/lmtt/m/n/10 ## <tr><td style="text-align:left">HIGH_SCHMADISON-JEFF</td><
td>-92,568.480<sup>***</sup></td><td>-0.234<sup>***</sup></td><td>-77.455<sup>*
**</sup></td></tr>[] 
 []


Overfull \hbox (49.99347pt too wide) in paragraph at lines 1794--1794
[]\T1/lmtt/m/n/10 ## <tr><td style="text-align:left"></td><td>(17,624.680)</td>
<td>(0.041)</td><td>(13.336)</td></tr>[] 
 []


Overfull \hbox (343.99261pt too wide) in paragraph at lines 1794--1794
[]\T1/lmtt/m/n/10 ## <tr><td style="text-align:left">HIGH_SCHPARKROSE HS</td><t
d>-28,197.190<sup>**</sup></td><td>-0.088<sup>***</sup></td><td>-26.166<sup>**<
/sup></td></tr>[] 
 []


Overfull \hbox (49.99347pt too wide) in paragraph at lines 1794--1794
[]\T1/lmtt/m/n/10 ## <tr><td style="text-align:left"></td><td>(13,847.610)</td>
<td>(0.032)</td><td>(10.478)</td></tr>[] 
 []


Overfull \hbox (202.24303pt too wide) in paragraph at lines 1794--1794
[]\T1/lmtt/m/n/10 ## <tr><td style="text-align:left">HIGH_SCHREYNOLDS HS</td><t
d>-14,310.990</td><td>-0.063<sup>**</sup></td><td>-16.505</td></tr>[] 
 []


Overfull \hbox (49.99347pt too wide) in paragraph at lines 1794--1794
[]\T1/lmtt/m/n/10 ## <tr><td style="text-align:left"></td><td>(13,661.520)</td>
<td>(0.032)</td><td>(10.337)</td></tr>[] 
 []


Overfull \hbox (354.49258pt too wide) in paragraph at lines 1794--1794
[]\T1/lmtt/m/n/10 ## <tr><td style="text-align:left">HIGH_SCHRIVERDALE HS</td><
td>430,576.900<sup>***</sup></td><td>0.486<sup>***</sup></td><td>248.267<sup>**
*</sup></td></tr>[] 
 []


Overfull \hbox (49.99347pt too wide) in paragraph at lines 1794--1794
[]\T1/lmtt/m/n/10 ## <tr><td style="text-align:left"></td><td>(71,394.230)</td>
<td>(0.167)</td><td>(54.022)</td></tr>[] 
 []


Overfull \hbox (354.49258pt too wide) in paragraph at lines 1794--1794
[]\T1/lmtt/m/n/10 ## <tr><td style="text-align:left">HIGH_SCHROOS-JEFF</td><td>
-122,332.300<sup>***</sup></td><td>-0.328<sup>***</sup></td><td>-105.287<sup>**
*</sup></td></tr>[] 
 []


Overfull \hbox (49.99347pt too wide) in paragraph at lines 1794--1794
[]\T1/lmtt/m/n/10 ## <tr><td style="text-align:left"></td><td>(24,242.500)</td>
<td>(0.057)</td><td>(18.344)</td></tr>[] 
 []


Overfull \hbox (391.24248pt too wide) in paragraph at lines 1794--1794
[]\T1/lmtt/m/n/10 ## <tr><td style="text-align:left">HIGH_SCHROOSEVELT CAMPUS</
td><td>-134,262.100<sup>***</sup></td><td>-0.384<sup>***</sup></td><td>-119.549
<sup>***</sup></td></tr>[] 
 []


Overfull \hbox (49.99347pt too wide) in paragraph at lines 1794--1794
[]\T1/lmtt/m/n/10 ## <tr><td style="text-align:left"></td><td>(27,572.830)</td>
<td>(0.065)</td><td>(20.864)</td></tr>[] 
 []


Overfull \hbox (238.99292pt too wide) in paragraph at lines 1794--1794
[]\T1/lmtt/m/n/10 ## <tr><td style="text-align:left">HIGH_SCHSUNSET HS</td><td>
79,304.380<sup>**</sup></td><td>0.098</td><td>47.088<sup>*</sup></td></tr>[] 
 []


Overfull \hbox (49.99347pt too wide) in paragraph at lines 1794--1794
[]\T1/lmtt/m/n/10 ## <tr><td style="text-align:left"></td><td>(33,126.240)</td>
<td>(0.078)</td><td>(25.066)</td></tr>[] 
 []


Overfull \hbox (55.24345pt too wide) in paragraph at lines 1794--1794
[]\T1/lmtt/m/n/10 ## <tr><td style="text-align:left">conECSI</td><td>90,763.870
</td><td>0.168</td><td>65.246</td></tr>[] 
 []


Overfull \hbox (55.24345pt too wide) in paragraph at lines 1794--1794
[]\T1/lmtt/m/n/10 ## <tr><td style="text-align:left"></td><td>(100,026.100)</td
><td>(0.234)</td><td>(75.687)</td></tr>[] 
 []


Overfull \hbox (70.99341pt too wide) in paragraph at lines 1794--1794
[]\T1/lmtt/m/n/10 ## <tr><td style="text-align:left">conLUST</td><td>-46,249.19
0</td><td>-0.060</td><td>-27.018</td></tr>[] 
 []


Overfull \hbox (49.99347pt too wide) in paragraph at lines 1794--1794
[]\T1/lmtt/m/n/10 ## <tr><td style="text-align:left"></td><td>(71,715.060)</td>
<td>(0.168)</td><td>(54.265)</td></tr>[] 
 []


Overfull \hbox (275.74281pt too wide) in paragraph at lines 1794--1794
[]\T1/lmtt/m/n/10 ## <tr><td style="text-align:left">conHist</td><td>33,150.380
<sup>***</sup></td><td>0.057<sup>***</sup></td><td>23.270<sup>***</sup></td></t
r>[] 
 []


Overfull \hbox (39.4935pt too wide) in paragraph at lines 1794--1794
[]\T1/lmtt/m/n/10 ## <tr><td style="text-align:left"></td><td>(6,567.587)</td><
td>(0.015)</td><td>(4.970)</td></tr>[] 
 []


Overfull \hbox (70.99341pt too wide) in paragraph at lines 1794--1794
[]\T1/lmtt/m/n/10 ## <tr><td style="text-align:left">conHistLdm</td><td>21,554.
860</td><td>-0.024</td><td>3.145</td></tr>[] 
 []


Overfull \hbox (49.99347pt too wide) in paragraph at lines 1794--1794
[]\T1/lmtt/m/n/10 ## <tr><td style="text-align:left"></td><td>(30,674.280)</td>
<td>(0.072)</td><td>(23.211)</td></tr>[] 
 []

[29]
Overfull \hbox (286.24278pt too wide) in paragraph at lines 1794--1794
[]\T1/lmtt/m/n/10 ## <tr><td style="text-align:left">conAirHgt</td><td>17,427.3
70<sup>***</sup></td><td>0.038<sup>***</sup></td><td>13.342<sup>***</sup></td><
/tr>[] 
 []


Overfull \hbox (39.4935pt too wide) in paragraph at lines 1794--1794
[]\T1/lmtt/m/n/10 ## <tr><td style="text-align:left"></td><td>(4,246.640)</td><
td>(0.010)</td><td>(3.213)</td></tr>[] 
 []


Overfull \hbox (65.74342pt too wide) in paragraph at lines 1794--1794
[]\T1/lmtt/m/n/10 ## <tr><td style="text-align:left">conNoise</td><td>-2,358.72
2</td><td>-0.008</td><td>-2.288</td></tr>[] 
 []


Overfull \hbox (39.4935pt too wide) in paragraph at lines 1794--1794
[]\T1/lmtt/m/n/10 ## <tr><td style="text-align:left"></td><td>(9,408.498)</td><
td>(0.022)</td><td>(7.119)</td></tr>[] 
 []


Overfull \hbox (44.74348pt too wide) in paragraph at lines 1794--1794
[]\T1/lmtt/m/n/10 ## <tr><td style="text-align:left">conGW</td><td>46,767.090</
td><td>0.132</td><td>41.537</td></tr>[] 
 []


Overfull \hbox (49.99347pt too wide) in paragraph at lines 1794--1794
[]\T1/lmtt/m/n/10 ## <tr><td style="text-align:left"></td><td>(53,393.450)</td>
<td>(0.125)</td><td>(40.402)</td></tr>[] 
 []


Overfull \hbox (275.74281pt too wide) in paragraph at lines 1794--1794
[]\T1/lmtt/m/n/10 ## <tr><td style="text-align:left">conLSHA</td><td>11,138.210
<sup>***</sup></td><td>0.038<sup>***</sup></td><td>11.116<sup>***</sup></td></t
r>[] 
 []


Overfull \hbox (39.4935pt too wide) in paragraph at lines 1794--1794
[]\T1/lmtt/m/n/10 ## <tr><td style="text-align:left"></td><td>(4,037.258)</td><
td>(0.009)</td><td>(3.055)</td></tr>[] 
 []


Overfull \hbox (217.99298pt too wide) in paragraph at lines 1794--1794
[]\T1/lmtt/m/n/10 ## <tr><td style="text-align:left">conSLIDO</td><td>-18,738.0
10<sup>***</sup></td><td>-0.020</td><td>-10.429<sup>**</sup></td></tr>[] 
 []


Overfull \hbox (39.4935pt too wide) in paragraph at lines 1794--1794
[]\T1/lmtt/m/n/10 ## <tr><td style="text-align:left"></td><td>(5,978.146)</td><
td>(0.014)</td><td>(4.524)</td></tr>[] 
 []


Overfull \hbox (123.49326pt too wide) in paragraph at lines 1794--1794
[]\T1/lmtt/m/n/10 ## <tr><td style="text-align:left">conSlp25</td><td>10,467.41
0<sup>**</sup></td><td>0.005</td><td>4.974</td></tr>[] 
 []


Overfull \hbox (39.4935pt too wide) in paragraph at lines 1794--1794
[]\T1/lmtt/m/n/10 ## <tr><td style="text-align:left"></td><td>(4,101.139)</td><
td>(0.010)</td><td>(3.103)</td></tr>[] 
 []


Overfull \hbox (212.743pt too wide) in paragraph at lines 1794--1794
[]\T1/lmtt/m/n/10 ## <tr><td style="text-align:left">conPrvCom</td><td>275,398.
000<sup>***</sup></td><td>0.193</td><td>133.828<sup>*</sup></td></tr>[] 
 []


Overfull \hbox (55.24345pt too wide) in paragraph at lines 1794--1794
[]\T1/lmtt/m/n/10 ## <tr><td style="text-align:left"></td><td>(100,778.500)</td
><td>(0.236)</td><td>(76.257)</td></tr>[] 
 []


Overfull \hbox (81.49338pt too wide) in paragraph at lines 1794--1794
[]\T1/lmtt/m/n/10 ## <tr><td style="text-align:left">conPubOwn</td><td>-12,405.
890</td><td>-0.120</td><td>-26.478</td></tr>[] 
 []


Overfull \hbox (49.99347pt too wide) in paragraph at lines 1794--1794
[]\T1/lmtt/m/n/10 ## <tr><td style="text-align:left"></td><td>(40,840.670)</td>
<td>(0.096)</td><td>(30.903)</td></tr>[] 
 []


Overfull \hbox (60.49344pt too wide) in paragraph at lines 1794--1794
[]\T1/lmtt/m/n/10 ## <tr><td style="text-align:left">conSewer</td><td>12,341.97
0</td><td>0.030</td><td>10.594</td></tr>[] 
 []


Overfull \hbox (44.74348pt too wide) in paragraph at lines 1794--1794
[]\T1/lmtt/m/n/10 ## <tr><td style="text-align:left"></td><td>(13,013.490)</td>
<td>(0.030)</td><td>(9.847)</td></tr>[] 
 []


Overfull \hbox (60.49344pt too wide) in paragraph at lines 1794--1794
[]\T1/lmtt/m/n/10 ## <tr><td style="text-align:left">conStorm</td><td>-3,227.77
4</td><td>0.002</td><td>-0.764</td></tr>[] 
 []


Overfull \hbox (39.4935pt too wide) in paragraph at lines 1794--1794
[]\T1/lmtt/m/n/10 ## <tr><td style="text-align:left"></td><td>(3,177.221)</td><
td>(0.007)</td><td>(2.404)</td></tr>[] 
 []


Overfull \hbox (202.24303pt too wide) in paragraph at lines 1794--1794
[]\T1/lmtt/m/n/10 ## <tr><td style="text-align:left">conTranCap</td><td>-6,410.
871<sup>*</sup></td><td>-0.012</td><td>-5.001<sup>*</sup></td></tr>[] 
 []


Overfull \hbox (39.4935pt too wide) in paragraph at lines 1794--1794
[]\T1/lmtt/m/n/10 ## <tr><td style="text-align:left"></td><td>(3,448.220)</td><
td>(0.008)</td><td>(2.609)</td></tr>[] 
 []


Overfull \hbox (301.99274pt too wide) in paragraph at lines 1794--1794
[]\T1/lmtt/m/n/10 ## <tr><td style="text-align:left">conTranInt</td><td>-10,306
.110<sup>***</sup></td><td>-0.030<sup>***</sup></td><td>-9.466<sup>***</sup></t
d></tr>[] 
 []


Overfull \hbox (39.4935pt too wide) in paragraph at lines 1794--1794
[]\T1/lmtt/m/n/10 ## <tr><td style="text-align:left"></td><td>(3,704.880)</td><
td>(0.009)</td><td>(2.803)</td></tr>[] 
 []


Overfull \hbox (296.74275pt too wide) in paragraph at lines 1794--1794
[]\T1/lmtt/m/n/10 ## <tr><td style="text-align:left">conTranSub</td><td>-9,917.
592<sup>***</sup></td><td>-0.023<sup>***</sup></td><td>-7.727<sup>***</sup></td
></tr>[] 
 []


Overfull \hbox (39.4935pt too wide) in paragraph at lines 1794--1794
[]\T1/lmtt/m/n/10 ## <tr><td style="text-align:left"></td><td>(2,174.332)</td><
td>(0.005)</td><td>(1.645)</td></tr>[] 
 []


Overfull \hbox (275.74281pt too wide) in paragraph at lines 1794--1794
[]\T1/lmtt/m/n/10 ## <tr><td style="text-align:left">conWater</td><td>-7,123.30
3<sup>*</sup></td><td>-0.030<sup>***</sup></td><td>-8.233<sup>***</sup></td></t
r>[] 
 []


Overfull \hbox (39.4935pt too wide) in paragraph at lines 1794--1794
[]\T1/lmtt/m/n/10 ## <tr><td style="text-align:left"></td><td>(4,154.905)</td><
td>(0.010)</td><td>(3.144)</td></tr>[] 
 []


Overfull \hbox (60.49344pt too wide) in paragraph at lines 1794--1794
[]\T1/lmtt/m/n/10 ## <tr><td style="text-align:left">conCovrly</td><td>-2,129.1
92</td><td>0.008</td><td>0.332</td></tr>[] 
 []


Overfull \hbox (39.4935pt too wide) in paragraph at lines 1794--1794
[]\T1/lmtt/m/n/10 ## <tr><td style="text-align:left"></td><td>(4,517.954)</td><
td>(0.011)</td><td>(3.419)</td></tr>[] 
 []

[30]
Overfull \hbox (291.49277pt too wide) in paragraph at lines 1794--1794
[]\T1/lmtt/m/n/10 ## <tr><td style="text-align:left">conPovrly</td><td>-26,434.
520<sup>***</sup></td><td>-0.027<sup>*</sup></td><td>-14.784<sup>***</sup></td>
</tr>[] 
 []


Overfull \hbox (39.4935pt too wide) in paragraph at lines 1794--1794
[]\T1/lmtt/m/n/10 ## <tr><td style="text-align:left"></td><td>(6,267.871)</td><
td>(0.015)</td><td>(4.743)</td></tr>[] 
 []


Overfull \hbox (228.49295pt too wide) in paragraph at lines 1794--1794
[]\T1/lmtt/m/n/10 ## <tr><td style="text-align:left">conWetland</td><td>-65,171
.270<sup>***</sup></td><td>-0.093</td><td>-41.943<sup>**</sup></td></tr>[] 
 []


Overfull \hbox (49.99347pt too wide) in paragraph at lines 1794--1794
[]\T1/lmtt/m/n/10 ## <tr><td style="text-align:left"></td><td>(24,204.060)</td>
<td>(0.057)</td><td>(18.315)</td></tr>[] 
 []


Overfull \hbox (76.2434pt too wide) in paragraph at lines 1794--1794
[]\T1/lmtt/m/n/10 ## <tr><td style="text-align:left">conFld100</td><td>-13,044.
220</td><td>-0.017</td><td>-8.352</td></tr>[] 
 []


Overfull \hbox (44.74348pt too wide) in paragraph at lines 1794--1794
[]\T1/lmtt/m/n/10 ## <tr><td style="text-align:left"></td><td>(12,436.520)</td>
<td>(0.029)</td><td>(9.410)</td></tr>[] 
 []


Overfull \hbox (86.74336pt too wide) in paragraph at lines 1794--1794
[]\T1/lmtt/m/n/10 ## <tr><td style="text-align:left">pct_conFld100</td><td>18,7
58.170</td><td>0.016</td><td>10.994</td></tr>[] 
 []


Overfull \hbox (49.99347pt too wide) in paragraph at lines 1794--1794
[]\T1/lmtt/m/n/10 ## <tr><td style="text-align:left"></td><td>(19,516.460)</td>
<td>(0.046)</td><td>(14.768)</td></tr>[] 
 []


Overfull \hbox (86.74336pt too wide) in paragraph at lines 1794--1794
[]\T1/lmtt/m/n/10 ## <tr><td style="text-align:left">pct_conPovrly</td><td>17,4
95.980</td><td>0.039</td><td>13.954</td></tr>[] 
 []


Overfull \hbox (55.24345pt too wide) in paragraph at lines 1794--1794
[]\T1/lmtt/m/n/10 ## <tr><td style="text-align:left"></td><td>(101,216.100)</td
><td>(0.237)</td><td>(76.588)</td></tr>[] 
 []


Overfull \hbox (307.24272pt too wide) in paragraph at lines 1794--1794
[]\T1/lmtt/m/n/10 ## <tr><td style="text-align:left">pct_conCovrly</td><td>29,3
74.960<sup>***</sup></td><td>0.085<sup>***</sup></td><td>26.849<sup>***</sup></
td></tr>[] 
 []


Overfull \hbox (39.4935pt too wide) in paragraph at lines 1794--1794
[]\T1/lmtt/m/n/10 ## <tr><td style="text-align:left"></td><td>(8,734.042)</td><
td>(0.020)</td><td>(6.609)</td></tr>[] 
 []


Overfull \hbox (349.2426pt too wide) in paragraph at lines 1794--1794
[]\T1/lmtt/m/n/10 ## <tr><td style="text-align:left">Constant</td><td>-54,877,0
24.000<sup>***</sup></td><td>-125.407<sup>***</sup></td><td>-45,664.920<sup>***
</sup></td></tr>[] 
 []


Overfull \hbox (81.49338pt too wide) in paragraph at lines 1794--1794
[]\T1/lmtt/m/n/10 ## <tr><td style="text-align:left"></td><td>(1,417,733.000)</
td><td>(3.319)</td><td>(1,072.766)</td></tr>[] 
 []


Overfull \hbox (427.99237pt too wide) in paragraph at lines 1794--1794
[]\T1/lmtt/m/n/10 ## <tr><td colspan="4" style="border-bottom: 1px solid black"
></td></tr><tr><td style="text-align:left">Observations</td><td>16,528</td><td>
16,528</td><td>16,528</td></tr>[] 
 []


Overfull \hbox (55.24345pt too wide) in paragraph at lines 1794--1794
[]\T1/lmtt/m/n/10 ## <tr><td style="text-align:left">R<sup>2</sup></td><td>0.75
8</td><td>0.701</td><td>0.755</td></tr>[] 
 []


Overfull \hbox (102.49332pt too wide) in paragraph at lines 1794--1794
[]\T1/lmtt/m/n/10 ## <tr><td style="text-align:left">Adjusted R<sup>2</sup></td
><td>0.756</td><td>0.698</td><td>0.753</td></tr>[] 
 []


Overfull \hbox (186.49307pt too wide) in paragraph at lines 1794--1794
[]\T1/lmtt/m/n/10 ## <tr><td style="text-align:left">Residual Std. Error (df = 
16383)</td><td>99,779.700</td><td>0.234</td><td>75.501</td></tr>[] 
 []


Overfull \hbox (391.24248pt too wide) in paragraph at lines 1794--1794
[]\T1/lmtt/m/n/10 ## <tr><td style="text-align:left">F Statistic (df = 144; 163
83)</td><td>357.265<sup>***</sup></td><td>266.325<sup>***</sup></td><td>351.491
<sup>***</sup></td></tr>[] 
 []


Overfull \hbox (758.74141pt too wide) in paragraph at lines 1794--1794
[]\T1/lmtt/m/n/10 ## <tr><td colspan="4" style="border-bottom: 1px solid black"
></td></tr><tr><td style="text-align:left"><em>Note:</em></td><td colspan="3" s
tyle="text-align:right"><sup>*</sup>p<0.1; <sup>**</sup>p<0.05; <sup>***</sup>p
<0.01</td></tr>[] 
 []

Package atveryend Info: Empty hook `BeforeClearDocument' on input line 1796.
[31]
Package atveryend Info: Empty hook `AfterLastShipout' on input line 1796.
(./econw.aux)
Package atveryend Info: Executing hook `AtVeryEndDocument' on input line 1796.
Package atveryend Info: Executing hook `AtEndAfterFileList' on input line 1796.

Package rerunfilecheck Info: File `econw.out' has not changed.
(rerunfilecheck)             Checksum: 00910976E7471BF502D5B0A7A748053C;407.
Package atveryend Info: Empty hook `AtVeryVeryEnd' on input line 1796.
 ) 
Here is how much of TeX's memory you used:
 12457 strings out of 482913
 179052 string characters out of 5958134
 491686 words of memory out of 5000000
 27444 multiletter control sequences out of 15000+600000
 557964 words of font info for 49 fonts, out of 8000000 for 9000
 14 hyphenation exceptions out of 8191
 34i,5n,37p,389b,460s stack positions out of 5000i,500n,10000p,200000b,80000s
{/Users/salmahuque/Library/TinyTeX/texmf-dist/fonts/enc/dvips/lm/lm-ts1.enc}{
/Users/salmahuque/Library/TinyTeX/texmf-dist/fonts/enc/dvips/lm/lm-ec.enc}</Use
rs/salmahuque/Library/TinyTeX/texmf-dist/fonts/type1/public/lm/lmbx10.pfb></Use
rs/salmahuque/Library/TinyTeX/texmf-dist/fonts/type1/public/lm/lmr10.pfb></User
s/salmahuque/Library/TinyTeX/texmf-dist/fonts/type1/public/lm/lmr17.pfb></Users
/salmahuque/Library/TinyTeX/texmf-dist/fonts/type1/public/lm/lmtk10.pfb></Users
/salmahuque/Library/TinyTeX/texmf-dist/fonts/type1/public/lm/lmtt10.pfb></Users
/salmahuque/Library/TinyTeX/texmf-dist/fonts/type1/public/lm/lmtti10.pfb>
Output written on econw.pdf (31 pages, 204206 bytes).
PDF statistics:
 202 PDF objects out of 1000 (max. 8388607)
 158 compressed objects within 2 object streams
 38 named destinations out of 1000 (max. 500000)
 30 words of extra memory for PDF output out of 10000 (max. 10000000)

